This is pdfTeX, Version 3.14159265-2.6-1.40.19 (MiKTeX 2.9.6880 64-bit) (preloaded format=pdflatex 2018.11.17)  26 NOV 2018 03:04
entering extended mode
**./main.tex
(main.tex
LaTeX2e <2018-04-01> patch level 5
("C:\Program Files\MiKTeX 2.9\tex\latex\base\book.cls"
Document Class: book 2014/09/29 v1.4h Standard LaTeX document class
("C:\Program Files\MiKTeX 2.9\tex\latex\base\bk11.clo"
File: bk11.clo 2014/09/29 v1.4h Standard LaTeX file (size option)
)
\c@part=\count80
\c@chapter=\count81
\c@section=\count82
\c@subsection=\count83
\c@subsubsection=\count84
\c@paragraph=\count85
\c@subparagraph=\count86
\c@figure=\count87
\c@table=\count88
\abovecaptionskip=\skip41
\belowcaptionskip=\skip42
\bibindent=\dimen102
)
("C:\Program Files\MiKTeX 2.9\tex\latex\adjustbox\adjustbox.sty"
Package: adjustbox 2018/04/08 v1.1 Adjusting TeX boxes (trim, clip, ...)

("C:\Program Files\MiKTeX 2.9\tex\latex\xkeyval\xkeyval.sty"
Package: xkeyval 2014/12/03 v2.7a package option processing (HA)

("C:\Program Files\MiKTeX 2.9\tex\generic\xkeyval\xkeyval.tex"
("C:\Program Files\MiKTeX 2.9\tex\generic\xkeyval\xkvutils.tex"
\XKV@toks=\toks14
\XKV@tempa@toks=\toks15

("C:\Program Files\MiKTeX 2.9\tex\generic\xkeyval\keyval.tex"))
\XKV@depth=\count89
File: xkeyval.tex 2014/12/03 v2.7a key=value parser (HA)
))
("C:\Program Files\MiKTeX 2.9\tex\latex\adjustbox\adjcalc.sty"
Package: adjcalc 2012/05/16 v1.1 Provides advanced setlength with multiple back
-ends (calc, etex, pgfmath)
)
("C:\Program Files\MiKTeX 2.9\tex\latex\adjustbox\trimclip.sty"
Package: trimclip 2018/04/08 v1.1 Trim and clip general TeX material

("C:\Program Files\MiKTeX 2.9\tex\latex\graphics\graphicx.sty"
Package: graphicx 2017/06/01 v1.1a Enhanced LaTeX Graphics (DPC,SPQR)

("C:\Program Files\MiKTeX 2.9\tex\latex\graphics\graphics.sty"
Package: graphics 2017/06/25 v1.2c Standard LaTeX Graphics (DPC,SPQR)

("C:\Program Files\MiKTeX 2.9\tex\latex\graphics\trig.sty"
Package: trig 2016/01/03 v1.10 sin cos tan (DPC)
)
("C:\Program Files\MiKTeX 2.9\tex\latex\graphics-cfg\graphics.cfg"
File: graphics.cfg 2016/06/04 v1.11 sample graphics configuration
)
Package graphics Info: Driver file: pdftex.def on input line 99.

("C:\Program Files\MiKTeX 2.9\tex\latex\graphics-def\pdftex.def"
File: pdftex.def 2018/01/08 v1.0l Graphics/color driver for pdftex
))
\Gin@req@height=\dimen103
\Gin@req@width=\dimen104
)
("C:\Program Files\MiKTeX 2.9\tex\latex\collectbox\collectbox.sty"
Package: collectbox 2012/05/17 v0.4b Collect macro arguments as boxes
\collectedbox=\box26
)
\tc@llx=\dimen105
\tc@lly=\dimen106
\tc@urx=\dimen107
\tc@ury=\dimen108
Package trimclip Info: Using driver 'tc-pdftex.def'.

("C:\Program Files\MiKTeX 2.9\tex\latex\adjustbox\tc-pdftex.def"
File: tc-pdftex.def 2018/04/08 v2.1 Clipping driver for pdftex
))
\adjbox@Width=\dimen109
\adjbox@Height=\dimen110
\adjbox@Depth=\dimen111
\adjbox@Totalheight=\dimen112
\adjbox@pwidth=\dimen113
\adjbox@pheight=\dimen114
\adjbox@pdepth=\dimen115
\adjbox@ptotalheight=\dimen116

("C:\Program Files\MiKTeX 2.9\tex\latex\ifoddpage\ifoddpage.sty"
Package: ifoddpage 2016/04/23 v1.1 Conditionals for odd/even page detection
\c@checkoddpage=\count90
)
("C:\Program Files\MiKTeX 2.9\tex\latex\varwidth\varwidth.sty"
Package: varwidth 2009/03/30 ver 0.92;  Variable-width minipages
\@vwid@box=\box27
\sift@deathcycles=\count91
\@vwid@loff=\dimen117
\@vwid@roff=\dimen118
))
("C:\Program Files\MiKTeX 2.9\tex\latex\geometry\geometry.sty"
Package: geometry 2018/04/16 v5.8 Page Geometry

("C:\Program Files\MiKTeX 2.9\tex\generic\oberdiek\ifpdf.sty"
Package: ifpdf 2018/09/07 v3.3 Provides the ifpdf switch
)
("C:\Program Files\MiKTeX 2.9\tex\generic\oberdiek\ifvtex.sty"
Package: ifvtex 2016/05/16 v1.6 Detect VTeX and its facilities (HO)
Package ifvtex Info: VTeX not detected.
)
("C:\Program Files\MiKTeX 2.9\tex\generic\ifxetex\ifxetex.sty"
Package: ifxetex 2010/09/12 v0.6 Provides ifxetex conditional
)
\Gm@cnth=\count92
\Gm@cntv=\count93
\c@Gm@tempcnt=\count94
\Gm@bindingoffset=\dimen119
\Gm@wd@mp=\dimen120
\Gm@odd@mp=\dimen121
\Gm@even@mp=\dimen122
\Gm@layoutwidth=\dimen123
\Gm@layoutheight=\dimen124
\Gm@layouthoffset=\dimen125
\Gm@layoutvoffset=\dimen126
\Gm@dimlist=\toks16

("C:\Program Files\MiKTeX 2.9\tex\latex\geometry\geometry.cfg"))
("C:\Program Files\MiKTeX 2.9\tex\latex\listings\listings.sty"
\lst@mode=\count95
\lst@gtempboxa=\box28
\lst@token=\toks17
\lst@length=\count96
\lst@currlwidth=\dimen127
\lst@column=\count97
\lst@pos=\count98
\lst@lostspace=\dimen128
\lst@width=\dimen129
\lst@newlines=\count99
\lst@lineno=\count100
\lst@maxwidth=\dimen130

("C:\Program Files\MiKTeX 2.9\tex\latex\listings\lstmisc.sty"
File: lstmisc.sty 2018/09/02 1.7 (Carsten Heinz)
\c@lstnumber=\count101
\lst@skipnumbers=\count102
\lst@framebox=\box29
)
("C:\Program Files\MiKTeX 2.9\tex\latex\listings\listings.cfg"
File: listings.cfg 2018/09/02 1.7 listings configuration
))
Package: listings 2018/09/02 1.7 (Carsten Heinz)

("C:\Program Files\MiKTeX 2.9\tex\latex\caption\caption.sty"
Package: caption 2018/10/06 v3.3-154 Customizing captions (AR)

("C:\Program Files\MiKTeX 2.9\tex\latex\caption\caption3.sty"
Package: caption3 2018/09/12 v1.8c caption3 kernel (AR)
Package caption3 Info: TeX engine: e-TeX on input line 64.
\captionmargin=\dimen131
\captionmargin@=\dimen132
\captionwidth=\dimen133
\caption@tempdima=\dimen134
\caption@indent=\dimen135
\caption@parindent=\dimen136
\caption@hangindent=\dimen137
)
\c@caption@flags=\count103
\c@ContinuedFloat=\count104
Package caption Info: listings package is loaded.
)
("C:\Program Files\MiKTeX 2.9\tex\latex\amsmath\amsmath.sty"
Package: amsmath 2017/09/02 v2.17a AMS math features
\@mathmargin=\skip43

For additional information on amsmath, use the `?' option.
("C:\Program Files\MiKTeX 2.9\tex\latex\amsmath\amstext.sty"
Package: amstext 2000/06/29 v2.01 AMS text

("C:\Program Files\MiKTeX 2.9\tex\latex\amsmath\amsgen.sty"
File: amsgen.sty 1999/11/30 v2.0 generic functions
\@emptytoks=\toks18
\ex@=\dimen138
))
("C:\Program Files\MiKTeX 2.9\tex\latex\amsmath\amsbsy.sty"
Package: amsbsy 1999/11/29 v1.2d Bold Symbols
\pmbraise@=\dimen139
)
("C:\Program Files\MiKTeX 2.9\tex\latex\amsmath\amsopn.sty"
Package: amsopn 2016/03/08 v2.02 operator names
)
\inf@bad=\count105
LaTeX Info: Redefining \frac on input line 213.
\uproot@=\count106
\leftroot@=\count107
LaTeX Info: Redefining \overline on input line 375.
\classnum@=\count108
\DOTSCASE@=\count109
LaTeX Info: Redefining \ldots on input line 472.
LaTeX Info: Redefining \dots on input line 475.
LaTeX Info: Redefining \cdots on input line 596.
\Mathstrutbox@=\box30
\strutbox@=\box31
\big@size=\dimen140
LaTeX Font Info:    Redeclaring font encoding OML on input line 712.
LaTeX Font Info:    Redeclaring font encoding OMS on input line 713.
\macc@depth=\count110
\c@MaxMatrixCols=\count111
\dotsspace@=\muskip10
\c@parentequation=\count112
\dspbrk@lvl=\count113
\tag@help=\toks19
\row@=\count114
\column@=\count115
\maxfields@=\count116
\andhelp@=\toks20
\eqnshift@=\dimen141
\alignsep@=\dimen142
\tagshift@=\dimen143
\tagwidth@=\dimen144
\totwidth@=\dimen145
\lineht@=\dimen146
\@envbody=\toks21
\multlinegap=\skip44
\multlinetaggap=\skip45
\mathdisplay@stack=\toks22
LaTeX Info: Redefining \[ on input line 2817.
LaTeX Info: Redefining \] on input line 2818.
)
("C:\Program Files\MiKTeX 2.9\tex\latex\algorithms\algorithm.sty"
Package: algorithm 2009/08/24 v0.1 Document Style `algorithm' - floating enviro
nment

("C:\Program Files\MiKTeX 2.9\tex\latex\float\float.sty"
Package: float 2001/11/08 v1.3d Float enhancements (AL)
\c@float@type=\count117
\float@exts=\toks23
\float@box=\box32
\@float@everytoks=\toks24
\@floatcapt=\box33
)
("C:\Program Files\MiKTeX 2.9\tex\latex\base\ifthen.sty"
Package: ifthen 2014/09/29 v1.1c Standard LaTeX ifthen package (DPC)
)
\@float@every@algorithm=\toks25
\c@algorithm=\count118
)
("C:\Program Files\MiKTeX 2.9\tex\latex\algorithmicx\algpseudocode.sty"
Package: algpseudocode 

("C:\Program Files\MiKTeX 2.9\tex\latex\algorithmicx\algorithmicx.sty"
Package: algorithmicx 2005/04/27 v1.2 Algorithmicx

Document Style algorithmicx 1.2 - a greatly improved `algorithmic' style
\c@ALG@line=\count119
\c@ALG@rem=\count120
\c@ALG@nested=\count121
\ALG@tlm=\skip46
\ALG@thistlm=\skip47
\c@ALG@Lnr=\count122
\c@ALG@blocknr=\count123
\c@ALG@storecount=\count124
\c@ALG@tmpcounter=\count125
\ALG@tmplength=\skip48
)
Document Style - pseudocode environments for use with the `algorithmicx' style
) ("C:\Program Files\MiKTeX 2.9\tex\latex\pythonhighlight\pythonhighlight.sty"
Package: pythonhighlight 2017/02/09 python code highlighting; provided by Olivi
er Verdier <olivier.verdier@gmail.com>

("C:\Program Files\MiKTeX 2.9\tex\latex\xcolor\xcolor.sty"
Package: xcolor 2016/05/11 v2.12 LaTeX color extensions (UK)

("C:\Program Files\MiKTeX 2.9\tex\latex\graphics-cfg\color.cfg"
File: color.cfg 2016/01/02 v1.6 sample color configuration
)
Package xcolor Info: Driver file: pdftex.def on input line 225.
Package xcolor Info: Model `cmy' substituted by `cmy0' on input line 1348.
Package xcolor Info: Model `hsb' substituted by `rgb' on input line 1352.
Package xcolor Info: Model `RGB' extended on input line 1364.
Package xcolor Info: Model `HTML' substituted by `rgb' on input line 1366.
Package xcolor Info: Model `Hsb' substituted by `hsb' on input line 1367.
Package xcolor Info: Model `tHsb' substituted by `hsb' on input line 1368.
Package xcolor Info: Model `HSB' substituted by `hsb' on input line 1369.
Package xcolor Info: Model `Gray' substituted by `gray' on input line 1370.
Package xcolor Info: Model `wave' substituted by `hsb' on input line 1371.
))
("C:\Program Files\MiKTeX 2.9\tex\latex\url\url.sty"
\Urlmuskip=\muskip11
Package: url 2013/09/16  ver 3.4  Verb mode for urls, etc.
)
("C:\Program Files\MiKTeX 2.9\tex\latex\psnfss\avant.sty"
Package: avant 2005/04/12 PSNFSS-v9.2a (SPQR) 
)
("C:\Program Files\MiKTeX 2.9\tex\latex\microtype\microtype.sty"
Package: microtype 2018/01/14 v2.7a Micro-typographical refinements (RS)
\MT@toks=\toks26
\MT@count=\count126
LaTeX Info: Redefining \textls on input line 793.
\MT@outer@kern=\dimen147
LaTeX Info: Redefining \textmicrotypecontext on input line 1339.
\MT@listname@count=\count127

("C:\Program Files\MiKTeX 2.9\tex\latex\microtype\microtype-pdftex.def"
File: microtype-pdftex.def 2018/01/14 v2.7a Definitions specific to pdftex (RS)

LaTeX Info: Redefining \lsstyle on input line 913.
LaTeX Info: Redefining \lslig on input line 913.
\MT@outer@space=\skip49
)
Package microtype Info: Loading configuration file microtype.cfg.

("C:\Program Files\MiKTeX 2.9\tex\latex\microtype\microtype.cfg"
File: microtype.cfg 2018/01/14 v2.7a microtype main configuration file (RS)
))
("C:\Program Files\MiKTeX 2.9\tex\lualatex\luainputenc\luainputenc.sty"
Package: luainputenc 2010/11/19 v0.973 inputenc package for LuaTeX

("C:\Program Files\MiKTeX 2.9\tex\generic\oberdiek\ifluatex.sty"
Package: ifluatex 2016/05/16 v1.4 Provides the ifluatex switch (HO)
Package ifluatex Info: LuaTeX not detected.
)
("C:\Program Files\MiKTeX 2.9\tex\latex\base\inputenc.sty"
Package: inputenc 2018/04/06 v1.3b Input encoding file
\inpenc@prehook=\toks27
\inpenc@posthook=\toks28
))
("C:\Program Files\MiKTeX 2.9\tex\latex\base\fontenc.sty"
Package: fontenc 2017/04/05 v2.0i Standard LaTeX package

("C:\Program Files\MiKTeX 2.9\tex\latex\base\t1enc.def"
File: t1enc.def 2017/04/05 v2.0i Standard LaTeX file
LaTeX Font Info:    Redeclaring font encoding T1 on input line 48.
))
("C:\Program Files\MiKTeX 2.9\tex\latex\lm\lmodern.sty"
Package: lmodern 2009/10/30 v1.6 Latin Modern Fonts
LaTeX Font Info:    Overwriting symbol font `operators' in version `normal'
(Font)                  OT1/cmr/m/n --> OT1/lmr/m/n on input line 22.
LaTeX Font Info:    Overwriting symbol font `letters' in version `normal'
(Font)                  OML/cmm/m/it --> OML/lmm/m/it on input line 23.
LaTeX Font Info:    Overwriting symbol font `symbols' in version `normal'
(Font)                  OMS/cmsy/m/n --> OMS/lmsy/m/n on input line 24.
LaTeX Font Info:    Overwriting symbol font `largesymbols' in version `normal'
(Font)                  OMX/cmex/m/n --> OMX/lmex/m/n on input line 25.
LaTeX Font Info:    Overwriting symbol font `operators' in version `bold'
(Font)                  OT1/cmr/bx/n --> OT1/lmr/bx/n on input line 26.
LaTeX Font Info:    Overwriting symbol font `letters' in version `bold'
(Font)                  OML/cmm/b/it --> OML/lmm/b/it on input line 27.
LaTeX Font Info:    Overwriting symbol font `symbols' in version `bold'
(Font)                  OMS/cmsy/b/n --> OMS/lmsy/b/n on input line 28.
LaTeX Font Info:    Overwriting symbol font `largesymbols' in version `bold'
(Font)                  OMX/cmex/m/n --> OMX/lmex/m/n on input line 29.
LaTeX Font Info:    Overwriting math alphabet `\mathbf' in version `normal'
(Font)                  OT1/cmr/bx/n --> OT1/lmr/bx/n on input line 31.
LaTeX Font Info:    Overwriting math alphabet `\mathsf' in version `normal'
(Font)                  OT1/cmss/m/n --> OT1/lmss/m/n on input line 32.
LaTeX Font Info:    Overwriting math alphabet `\mathit' in version `normal'
(Font)                  OT1/cmr/m/it --> OT1/lmr/m/it on input line 33.
LaTeX Font Info:    Overwriting math alphabet `\mathtt' in version `normal'
(Font)                  OT1/cmtt/m/n --> OT1/lmtt/m/n on input line 34.
LaTeX Font Info:    Overwriting math alphabet `\mathbf' in version `bold'
(Font)                  OT1/cmr/bx/n --> OT1/lmr/bx/n on input line 35.
LaTeX Font Info:    Overwriting math alphabet `\mathsf' in version `bold'
(Font)                  OT1/cmss/bx/n --> OT1/lmss/bx/n on input line 36.
LaTeX Font Info:    Overwriting math alphabet `\mathit' in version `bold'
(Font)                  OT1/cmr/bx/it --> OT1/lmr/bx/it on input line 37.
LaTeX Font Info:    Overwriting math alphabet `\mathtt' in version `bold'
(Font)                  OT1/cmtt/m/n --> OT1/lmtt/m/n on input line 38.
)
("C:\Program Files\MiKTeX 2.9\tex\latex\biblatex\biblatex.sty"
Package: biblatex 2018/11/02 v3.12 programmable bibliographies (PK/MW)

("C:\Program Files\MiKTeX 2.9\tex\generic\oberdiek\pdftexcmds.sty"
Package: pdftexcmds 2018/09/10 v0.29 Utility functions of pdfTeX for LuaTeX (HO
)

("C:\Program Files\MiKTeX 2.9\tex\generic\oberdiek\infwarerr.sty"
Package: infwarerr 2016/05/16 v1.4 Providing info/warning/error messages (HO)
)
("C:\Program Files\MiKTeX 2.9\tex\generic\oberdiek\ltxcmds.sty"
Package: ltxcmds 2016/05/16 v1.23 LaTeX kernel commands for general use (HO)
)
Package pdftexcmds Info: LuaTeX not detected.
Package pdftexcmds Info: \pdf@primitive is available.
Package pdftexcmds Info: \pdf@ifprimitive is available.
Package pdftexcmds Info: \pdfdraftmode found.
)
("C:\Program Files\MiKTeX 2.9\tex\latex\etoolbox\etoolbox.sty"
Package: etoolbox 2018/08/19 v2.5f e-TeX tools for LaTeX (JAW)
\etb@tempcnta=\count128
)
("C:\Program Files\MiKTeX 2.9\tex\latex\oberdiek\kvoptions.sty"
Package: kvoptions 2016/05/16 v3.12 Key value format for package options (HO)

("C:\Program Files\MiKTeX 2.9\tex\generic\oberdiek\kvsetkeys.sty"
Package: kvsetkeys 2016/05/16 v1.17 Key value parser (HO)

("C:\Program Files\MiKTeX 2.9\tex\generic\oberdiek\etexcmds.sty"
Package: etexcmds 2016/05/16 v1.6 Avoid name clashes with e-TeX commands (HO)
)))
("C:\Program Files\MiKTeX 2.9\tex\latex\logreq\logreq.sty"
Package: logreq 2010/08/04 v1.0 xml request logger
\lrq@indent=\count129

("C:\Program Files\MiKTeX 2.9\tex\latex\logreq\logreq.def"
File: logreq.def 2010/08/04 v1.0 logreq spec v1.0
))
\c@tabx@nest=\count130
\c@listtotal=\count131
\c@listcount=\count132
\c@liststart=\count133
\c@liststop=\count134
\c@citecount=\count135
\c@citetotal=\count136
\c@multicitecount=\count137
\c@multicitetotal=\count138
\c@instcount=\count139
\c@maxnames=\count140
\c@minnames=\count141
\c@maxitems=\count142
\c@minitems=\count143
\c@citecounter=\count144
\c@maxcitecounter=\count145
\c@savedcitecounter=\count146
\c@uniquelist=\count147
\c@uniquename=\count148
\c@refsection=\count149
\c@refsegment=\count150
\c@maxextratitle=\count151
\c@maxextratitleyear=\count152
\c@maxextraname=\count153
\c@maxextradate=\count154
\c@maxextraalpha=\count155
\c@abbrvpenalty=\count156
\c@highnamepenalty=\count157
\c@lownamepenalty=\count158
\c@maxparens=\count159
\c@parenlevel=\count160
\blx@tempcnta=\count161
\blx@tempcntb=\count162
\blx@tempcntc=\count163
\blx@maxsection=\count164
\blx@maxsegment@0=\count165
\blx@notetype=\count166
\blx@parenlevel@text=\count167
\blx@parenlevel@foot=\count168
\blx@sectionciteorder@0=\count169
\blx@entrysetcounter=\count170
\labelnumberwidth=\skip50
\labelalphawidth=\skip51
\biblabelsep=\skip52
\bibitemsep=\skip53
\bibnamesep=\skip54
\bibinitsep=\skip55
\bibparsep=\skip56
\bibhang=\skip57
\blx@bcfin=\read1
\blx@bcfout=\write3
\c@mincomprange=\count171
\c@maxcomprange=\count172
\c@mincompwidth=\count173
Package biblatex Info: Trying to load biblatex default data model...
Package biblatex Info: ... file 'blx-dm.def' found.

("C:\Program Files\MiKTeX 2.9\tex\latex\biblatex\blx-dm.def"
File: blx-dm.def 2018/11/02 v3.12 biblatex localization (PK/MW)
)
Package biblatex Info: Trying to load biblatex style data model...
Package biblatex Info: ... file 'alphabetic.dbx' not found.
Package biblatex Info: Trying to load biblatex custom data model...
Package biblatex Info: ... file 'biblatex-dm.cfg' not found.
\c@afterword=\count174
\c@savedafterword=\count175
\c@annotator=\count176
\c@savedannotator=\count177
\c@author=\count178
\c@savedauthor=\count179
\c@bookauthor=\count180
\c@savedbookauthor=\count181
\c@commentator=\count182
\c@savedcommentator=\count183
\c@editor=\count184
\c@savededitor=\count185
\c@editora=\count186
\c@savededitora=\count187
\c@editorb=\count188
\c@savededitorb=\count189
\c@editorc=\count190
\c@savededitorc=\count191
\c@foreword=\count192
\c@savedforeword=\count193
\c@holder=\count194
\c@savedholder=\count195
\c@introduction=\count196
\c@savedintroduction=\count197
\c@namea=\count198
\c@savednamea=\count199
\c@nameb=\count266
\c@savednameb=\count267
\c@namec=\count268
\c@savednamec=\count269
\c@translator=\count270
\c@savedtranslator=\count271
\c@shortauthor=\count272
\c@savedshortauthor=\count273
\c@shorteditor=\count274
\c@savedshorteditor=\count275
\c@labelname=\count276
\c@savedlabelname=\count277
\c@institution=\count278
\c@savedinstitution=\count279
\c@lista=\count280
\c@savedlista=\count281
\c@listb=\count282
\c@savedlistb=\count283
\c@listc=\count284
\c@savedlistc=\count285
\c@listd=\count286
\c@savedlistd=\count287
\c@liste=\count288
\c@savedliste=\count289
\c@listf=\count290
\c@savedlistf=\count291
\c@location=\count292
\c@savedlocation=\count293
\c@organization=\count294
\c@savedorganization=\count295
\c@origlocation=\count296
\c@savedoriglocation=\count297
\c@origpublisher=\count298
\c@savedorigpublisher=\count299
\c@publisher=\count300
\c@savedpublisher=\count301
\c@language=\count302
\c@savedlanguage=\count303
\c@origlanguage=\count304
\c@savedoriglanguage=\count305
\c@pageref=\count306
\c@savedpageref=\count307
\shorthandwidth=\skip58
\shortjournalwidth=\skip59
\shortserieswidth=\skip60
\shorttitlewidth=\skip61
\shortauthorwidth=\skip62
\shorteditorwidth=\skip63
\locallabelnumberwidth=\skip64
\locallabelalphawidth=\skip65
\localshorthandwidth=\skip66
\localshortjournalwidth=\skip67
\localshortserieswidth=\skip68
\localshorttitlewidth=\skip69
\localshortauthorwidth=\skip70
\localshorteditorwidth=\skip71
Package biblatex Info: Trying to load compatibility code...
Package biblatex Info: ... file 'blx-compat.def' found.

("C:\Program Files\MiKTeX 2.9\tex\latex\biblatex\blx-compat.def"
File: blx-compat.def 2018/11/02 v3.12 biblatex compatibility (PK/MW)
)
Package biblatex Info: Trying to load generic definitions...
Package biblatex Info: ... file 'biblatex.def' found.

("C:\Program Files\MiKTeX 2.9\tex\latex\biblatex\biblatex.def"
File: biblatex.def 2018/11/02 v3.12 biblatex compatibility (PK/MW)
\c@textcitecount=\count308
\c@textcitetotal=\count309
\c@textcitemaxnames=\count310
\c@biburlnumpenalty=\count311
\c@biburlucpenalty=\count312
\c@biburllcpenalty=\count313
\c@smartand=\count314
)
Package biblatex Info: Trying to load bibliography style 'alphabetic'...
Package biblatex Info: ... file 'alphabetic.bbx' found.

("C:\Program Files\MiKTeX 2.9\tex\latex\biblatex\bbx\alphabetic.bbx"
File: alphabetic.bbx 2018/11/02 v3.12 biblatex bibliography style (PK/MW)
Package biblatex Info: Trying to load bibliography style 'standard'...
Package biblatex Info: ... file 'standard.bbx' found.

("C:\Program Files\MiKTeX 2.9\tex\latex\biblatex\bbx\standard.bbx"
File: standard.bbx 2018/11/02 v3.12 biblatex bibliography style (PK/MW)
\c@bbx:relatedcount=\count315
\c@bbx:relatedtotal=\count316
))
Package biblatex Info: Trying to load citation style 'alphabetic'...
Package biblatex Info: ... file 'alphabetic.cbx' found.

("C:\Program Files\MiKTeX 2.9\tex\latex\biblatex\cbx\alphabetic.cbx"
File: alphabetic.cbx 2018/11/02 v3.12 biblatex citation style (PK/MW)
Package biblatex Info: Redefining '\cite'.
Package biblatex Info: Redefining '\parencite'.
Package biblatex Info: Redefining '\footcite'.
Package biblatex Info: Redefining '\footcitetext'.
Package biblatex Info: Redefining '\smartcite'.
Package biblatex Info: Redefining '\textcite'.
Package biblatex Info: Redefining '\textcites'.
Package biblatex Info: Redefining '\cites'.
Package biblatex Info: Redefining '\parencites'.
Package biblatex Info: Redefining '\smartcites'.
)
Package biblatex Info: Trying to load configuration file...
Package biblatex Info: ... file 'biblatex.cfg' found.

("C:\Program Files\MiKTeX 2.9\tex\latex\biblatex\biblatex.cfg"
File: biblatex.cfg 
)

Package biblatex Warning: 'babel' option is deprecated.
(biblatex)                Please use 'autolang' instead.

) ("C:\Program Files\MiKTeX 2.9\tex\latex\pdfpages\pdfpages.sty"
Package: pdfpages 2017/10/31 v0.5l Insert pages of external PDF documents (AM)

("C:\Program Files\MiKTeX 2.9\tex\latex\tools\calc.sty"
Package: calc 2017/05/25 v4.3 Infix arithmetic (KKT,FJ)
\calc@Acount=\count317
\calc@Bcount=\count318
\calc@Adimen=\dimen148
\calc@Bdimen=\dimen149
\calc@Askip=\skip72
\calc@Bskip=\skip73
LaTeX Info: Redefining \setlength on input line 80.
LaTeX Info: Redefining \addtolength on input line 81.
\calc@Ccount=\count319
\calc@Cskip=\skip74
)
("C:\Program Files\MiKTeX 2.9\tex\latex\eso-pic\eso-pic.sty"
Package: eso-pic 2018/04/12 v2.0h eso-pic (RN)

("C:\Program Files\MiKTeX 2.9\tex\generic\oberdiek\atbegshi.sty"
Package: atbegshi 2016/06/09 v1.18 At begin shipout hook (HO)
))
\AM@pagewidth=\dimen150
\AM@pageheight=\dimen151

("C:\Program Files\MiKTeX 2.9\tex\latex\pdfpages\pppdftex.def"
File: pppdftex.def 2017/10/31 v0.5l Pdfpages driver for pdfTeX (AM)
)
\AM@pagebox=\box34
\AM@global@opts=\toks29
\AM@toc@title=\toks30
\c@AM@survey=\count320
\AM@templatesizebox=\box35
) (structure.tex ("C:\Program Files\MiKTeX 2.9\tex\latex\titlesec\titlesec.sty"
Package: titlesec 2016/03/21 v2.10.2 Sectioning titles
\ttl@box=\box36
\beforetitleunit=\skip75
\aftertitleunit=\skip76
\ttl@plus=\dimen152
\ttl@minus=\dimen153
\ttl@toksa=\toks31
\titlewidth=\dimen154
\titlewidthlast=\dimen155
\titlewidthfirst=\dimen156
)
("C:\Program Files\MiKTeX 2.9\tex\latex\lipsum\lipsum.sty"
("C:\Program Files\MiKTeX 2.9\tex\latex\l3kernel\expl3.sty"
Package: expl3 2018-10-31 L3 programming layer (loader) 

("C:\Program Files\MiKTeX 2.9\tex\latex\l3kernel\expl3-code.tex"
Package: expl3 2018-10-31 L3 programming layer (code)
\c_max_int=\count321
\l_tmpa_int=\count322
\l_tmpb_int=\count323
\g_tmpa_int=\count324
\g_tmpb_int=\count325
\g__kernel_prg_map_int=\count326
\c_log_iow=\count327
\l_iow_line_count_int=\count328
\l__iow_line_target_int=\count329
\l__iow_one_indent_int=\count330
\l__iow_indent_int=\count331
\c_zero_dim=\dimen157
\c_max_dim=\dimen158
\l_tmpa_dim=\dimen159
\l_tmpb_dim=\dimen160
\g_tmpa_dim=\dimen161
\g_tmpb_dim=\dimen162
\c_zero_skip=\skip77
\c_max_skip=\skip78
\l_tmpa_skip=\skip79
\l_tmpb_skip=\skip80
\g_tmpa_skip=\skip81
\g_tmpb_skip=\skip82
\c_zero_muskip=\muskip12
\c_max_muskip=\muskip13
\l_tmpa_muskip=\muskip14
\l_tmpb_muskip=\muskip15
\g_tmpa_muskip=\muskip16
\g_tmpb_muskip=\muskip17
\l_keys_choice_int=\count332
\l__intarray_loop_int=\count333
\c__intarray_sp_dim=\dimen163
\g__intarray_font_int=\count334
\c__fp_leading_shift_int=\count335
\c__fp_middle_shift_int=\count336
\c__fp_trailing_shift_int=\count337
\c__fp_big_leading_shift_int=\count338
\c__fp_big_middle_shift_int=\count339
\c__fp_big_trailing_shift_int=\count340
\c__fp_Bigg_leading_shift_int=\count341
\c__fp_Bigg_middle_shift_int=\count342
\c__fp_Bigg_trailing_shift_int=\count343
\c__kernel_randint_max_int=\count344
\g__fp_array_int=\count345
\l__fp_array_loop_int=\count346
\l__sort_length_int=\count347
\l__sort_min_int=\count348
\l__sort_top_int=\count349
\l__sort_max_int=\count350
\l__sort_true_max_int=\count351
\l__sort_block_int=\count352
\l__sort_begin_int=\count353
\l__sort_end_int=\count354
\l__sort_A_int=\count355
\l__sort_B_int=\count356
\l__sort_C_int=\count357
\l__tl_analysis_normal_int=\count358
\l__tl_analysis_index_int=\count359
\l__tl_analysis_nesting_int=\count360
\l__tl_analysis_type_int=\count361
\l__regex_internal_a_int=\count362
\l__regex_internal_b_int=\count363
\l__regex_internal_c_int=\count364
\l__regex_balance_int=\count365
\l__regex_group_level_int=\count366
\l__regex_mode_int=\count367
\c__regex_cs_in_class_mode_int=\count368
\c__regex_cs_mode_int=\count369
\l__regex_catcodes_int=\count370
\l__regex_default_catcodes_int=\count371
\c__regex_catcode_D_int=\count372
\c__regex_catcode_S_int=\count373
\c__regex_catcode_L_int=\count374
\c__regex_catcode_O_int=\count375
\c__regex_catcode_A_int=\count376
\c__regex_all_catcodes_int=\count377
\l__regex_show_lines_int=\count378
\l__regex_min_state_int=\count379
\l__regex_max_state_int=\count380
\l__regex_left_state_int=\count381
\l__regex_right_state_int=\count382
\l__regex_capturing_group_int=\count383
\l__regex_min_pos_int=\count384
\l__regex_max_pos_int=\count385
\l__regex_curr_pos_int=\count386
\l__regex_start_pos_int=\count387
\l__regex_success_pos_int=\count388
\l__regex_curr_char_int=\count389
\l__regex_curr_catcode_int=\count390
\l__regex_last_char_int=\count391
\l__regex_case_changed_char_int=\count392
\l__regex_curr_state_int=\count393
\l__regex_step_int=\count394
\l__regex_min_active_int=\count395
\l__regex_max_active_int=\count396
\l__regex_replacement_csnames_int=\count397
\l__regex_match_count_int=\count398
\l__regex_min_submatch_int=\count399
\l__regex_submatch_int=\count400
\l__regex_zeroth_submatch_int=\count401
\g__regex_trace_regex_int=\count402
\c_empty_box=\box37
\l_tmpa_box=\box38
\l_tmpb_box=\box39
\g_tmpa_box=\box40
\g_tmpb_box=\box41
\l__box_top_dim=\dimen164
\l__box_bottom_dim=\dimen165
\l__box_left_dim=\dimen166
\l__box_right_dim=\dimen167
\l__box_top_new_dim=\dimen168
\l__box_bottom_new_dim=\dimen169
\l__box_left_new_dim=\dimen170
\l__box_right_new_dim=\dimen171
\l__box_internal_box=\box42
\l__coffin_internal_box=\box43
\l__coffin_internal_dim=\dimen172
\l__coffin_offset_x_dim=\dimen173
\l__coffin_offset_y_dim=\dimen174
\l__coffin_x_dim=\dimen175
\l__coffin_y_dim=\dimen176
\l__coffin_x_prime_dim=\dimen177
\l__coffin_y_prime_dim=\dimen178
\c_empty_coffin=\box44
\l__coffin_aligned_coffin=\box45
\l__coffin_aligned_internal_coffin=\box46
\l_tmpa_coffin=\box47
\l_tmpb_coffin=\box48
\l__coffin_display_coffin=\box49
\l__coffin_display_coord_coffin=\box50
\l__coffin_display_pole_coffin=\box51
\l__coffin_display_offset_dim=\dimen179
\l__coffin_display_x_dim=\dimen180
\l__coffin_display_y_dim=\dimen181
\g__file_internal_ior=\read2
\l__coffin_bounding_shift_dim=\dimen182
\l__coffin_left_corner_dim=\dimen183
\l__coffin_right_corner_dim=\dimen184
\l__coffin_bottom_corner_dim=\dimen185
\l__coffin_top_corner_dim=\dimen186
\l__coffin_scaled_total_height_dim=\dimen187
\l__coffin_scaled_width_dim=\dimen188
\l__seq_internal_a_int=\count403
\l__seq_internal_b_int=\count404
)
("C:\Program Files\MiKTeX 2.9\tex\latex\l3kernel\l3pdfmode.def"
File: l3pdfmode.def 2018-10-31 v L3 Experimental driver: PDF mode
\l__driver_color_stack_int=\count405
))
("C:\Program Files\MiKTeX 2.9\tex\latex\l3packages\xparse\xparse.sty"
Package: xparse 2018-10-17 L3 Experimental document command parser
\l__xparse_current_arg_int=\count406
\g__xparse_grabber_int=\count407
\l__xparse_m_args_int=\count408
\l__xparse_mandatory_args_int=\count409
\l__xparse_v_nesting_int=\count410
)
Package: lipsum 2018/11/07 v2.0 150 paragraphs of Lorem Ipsum dummy text
)
("C:\Program Files\MiKTeX 2.9\tex\latex\pgf\frontendlayer\tikz.sty"
("C:\Program Files\MiKTeX 2.9\tex\latex\pgf\basiclayer\pgf.sty"
("C:\Program Files\MiKTeX 2.9\tex\latex\pgf\utilities\pgfrcs.sty"
("C:\Program Files\MiKTeX 2.9\tex\generic\pgf\utilities\pgfutil-common.tex"
\pgfutil@everybye=\toks32
\pgfutil@tempdima=\dimen189
\pgfutil@tempdimb=\dimen190

("C:\Program Files\MiKTeX 2.9\tex\generic\pgf\utilities\pgfutil-common-lists.te
x")) ("C:\Program Files\MiKTeX 2.9\tex\generic\pgf\utilities\pgfutil-latex.def"
\pgfutil@abb=\box52
("C:\Program Files\MiKTeX 2.9\tex\latex\ms\everyshi.sty"
Package: everyshi 2001/05/15 v3.00 EveryShipout Package (MS)
))
("C:\Program Files\MiKTeX 2.9\tex\generic\pgf\utilities\pgfrcs.code.tex"
Package: pgfrcs 2015/08/07 v3.0.1a (rcs-revision 1.31)
))
Package: pgf 2015/08/07 v3.0.1a (rcs-revision 1.15)

("C:\Program Files\MiKTeX 2.9\tex\latex\pgf\basiclayer\pgfcore.sty"
("C:\Program Files\MiKTeX 2.9\tex\latex\pgf\systemlayer\pgfsys.sty"
("C:\Program Files\MiKTeX 2.9\tex\generic\pgf\systemlayer\pgfsys.code.tex"
Package: pgfsys 2014/07/09 v3.0.1a (rcs-revision 1.48)

("C:\Program Files\MiKTeX 2.9\tex\generic\pgf\utilities\pgfkeys.code.tex"
\pgfkeys@pathtoks=\toks33
\pgfkeys@temptoks=\toks34

("C:\Program Files\MiKTeX 2.9\tex\generic\pgf\utilities\pgfkeysfiltered.code.te
x"
\pgfkeys@tmptoks=\toks35
))
\pgf@x=\dimen191
\pgf@y=\dimen192
\pgf@xa=\dimen193
\pgf@ya=\dimen194
\pgf@xb=\dimen195
\pgf@yb=\dimen196
\pgf@xc=\dimen197
\pgf@yc=\dimen198
\w@pgf@writea=\write4
\r@pgf@reada=\read3
\c@pgf@counta=\count411
\c@pgf@countb=\count412
\c@pgf@countc=\count413
\c@pgf@countd=\count414
\t@pgf@toka=\toks36
\t@pgf@tokb=\toks37
\t@pgf@tokc=\toks38
 ("C:\Program Files\MiKTeX 2.9\tex\generic\pgf\systemlayer\pgf.cfg"
File: pgf.cfg 2008/05/14  (rcs-revision 1.7)
)
Driver file for pgf: pgfsys-pdftex.def

("C:\Program Files\MiKTeX 2.9\tex\generic\pgf\systemlayer\pgfsys-pdftex.def"
File: pgfsys-pdftex.def 2014/10/11  (rcs-revision 1.35)

("C:\Program Files\MiKTeX 2.9\tex\generic\pgf\systemlayer\pgfsys-common-pdf.def
"
File: pgfsys-common-pdf.def 2013/10/10  (rcs-revision 1.13)
)))
("C:\Program Files\MiKTeX 2.9\tex\generic\pgf\systemlayer\pgfsyssoftpath.code.t
ex"
File: pgfsyssoftpath.code.tex 2013/09/09  (rcs-revision 1.9)
\pgfsyssoftpath@smallbuffer@items=\count415
\pgfsyssoftpath@bigbuffer@items=\count416
)
("C:\Program Files\MiKTeX 2.9\tex\generic\pgf\systemlayer\pgfsysprotocol.code.t
ex"
File: pgfsysprotocol.code.tex 2006/10/16  (rcs-revision 1.4)
)) ("C:\Program Files\MiKTeX 2.9\tex\generic\pgf\basiclayer\pgfcore.code.tex"
Package: pgfcore 2010/04/11 v3.0.1a (rcs-revision 1.7)
 ("C:\Program Files\MiKTeX 2.9\tex\generic\pgf\math\pgfmath.code.tex"
("C:\Program Files\MiKTeX 2.9\tex\generic\pgf\math\pgfmathcalc.code.tex"
("C:\Program Files\MiKTeX 2.9\tex\generic\pgf\math\pgfmathutil.code.tex")
("C:\Program Files\MiKTeX 2.9\tex\generic\pgf\math\pgfmathparser.code.tex"
\pgfmath@dimen=\dimen199
\pgfmath@count=\count417
\pgfmath@box=\box53
\pgfmath@toks=\toks39
\pgfmath@stack@operand=\toks40
\pgfmath@stack@operation=\toks41
)
("C:\Program Files\MiKTeX 2.9\tex\generic\pgf\math\pgfmathfunctions.code.tex"
("C:\Program Files\MiKTeX 2.9\tex\generic\pgf\math\pgfmathfunctions.basic.code.
tex")
("C:\Program Files\MiKTeX 2.9\tex\generic\pgf\math\pgfmathfunctions.trigonometr
ic.code.tex")
("C:\Program Files\MiKTeX 2.9\tex\generic\pgf\math\pgfmathfunctions.random.code
.tex")
("C:\Program Files\MiKTeX 2.9\tex\generic\pgf\math\pgfmathfunctions.comparison.
code.tex")
("C:\Program Files\MiKTeX 2.9\tex\generic\pgf\math\pgfmathfunctions.base.code.t
ex")
("C:\Program Files\MiKTeX 2.9\tex\generic\pgf\math\pgfmathfunctions.round.code.
tex")
("C:\Program Files\MiKTeX 2.9\tex\generic\pgf\math\pgfmathfunctions.misc.code.t
ex")
("C:\Program Files\MiKTeX 2.9\tex\generic\pgf\math\pgfmathfunctions.integerarit
hmetics.code.tex")))
("C:\Program Files\MiKTeX 2.9\tex\generic\pgf\math\pgfmathfloat.code.tex"
\c@pgfmathroundto@lastzeros=\count418
))
("C:\Program Files\MiKTeX 2.9\tex\generic\pgf\basiclayer\pgfcorepoints.code.tex
"
File: pgfcorepoints.code.tex 2013/10/07  (rcs-revision 1.27)
\pgf@picminx=\dimen256
\pgf@picmaxx=\dimen257
\pgf@picminy=\dimen258
\pgf@picmaxy=\dimen259
\pgf@pathminx=\dimen260
\pgf@pathmaxx=\dimen261
\pgf@pathminy=\dimen262
\pgf@pathmaxy=\dimen263
\pgf@xx=\dimen264
\pgf@xy=\dimen265
\pgf@yx=\dimen266
\pgf@yy=\dimen267
\pgf@zx=\dimen268
\pgf@zy=\dimen269
)
("C:\Program Files\MiKTeX 2.9\tex\generic\pgf\basiclayer\pgfcorepathconstruct.c
ode.tex"
File: pgfcorepathconstruct.code.tex 2013/10/07  (rcs-revision 1.29)
\pgf@path@lastx=\dimen270
\pgf@path@lasty=\dimen271
)
("C:\Program Files\MiKTeX 2.9\tex\generic\pgf\basiclayer\pgfcorepathusage.code.
tex"
File: pgfcorepathusage.code.tex 2014/11/02  (rcs-revision 1.24)
\pgf@shorten@end@additional=\dimen272
\pgf@shorten@start@additional=\dimen273
)
("C:\Program Files\MiKTeX 2.9\tex\generic\pgf\basiclayer\pgfcorescopes.code.tex
"
File: pgfcorescopes.code.tex 2015/05/08  (rcs-revision 1.46)
\pgfpic=\box54
\pgf@hbox=\box55
\pgf@layerbox@main=\box56
\pgf@picture@serial@count=\count419
)
("C:\Program Files\MiKTeX 2.9\tex\generic\pgf\basiclayer\pgfcoregraphicstate.co
de.tex"
File: pgfcoregraphicstate.code.tex 2014/11/02  (rcs-revision 1.12)
\pgflinewidth=\dimen274
)
("C:\Program Files\MiKTeX 2.9\tex\generic\pgf\basiclayer\pgfcoretransformations
.code.tex"
File: pgfcoretransformations.code.tex 2015/08/07  (rcs-revision 1.20)
\pgf@pt@x=\dimen275
\pgf@pt@y=\dimen276
\pgf@pt@temp=\dimen277
)
("C:\Program Files\MiKTeX 2.9\tex\generic\pgf\basiclayer\pgfcorequick.code.tex"
File: pgfcorequick.code.tex 2008/10/09  (rcs-revision 1.3)
)
("C:\Program Files\MiKTeX 2.9\tex\generic\pgf\basiclayer\pgfcoreobjects.code.te
x"
File: pgfcoreobjects.code.tex 2006/10/11  (rcs-revision 1.2)
)
("C:\Program Files\MiKTeX 2.9\tex\generic\pgf\basiclayer\pgfcorepathprocessing.
code.tex"
File: pgfcorepathprocessing.code.tex 2013/09/09  (rcs-revision 1.9)
)
("C:\Program Files\MiKTeX 2.9\tex\generic\pgf\basiclayer\pgfcorearrows.code.tex
"
File: pgfcorearrows.code.tex 2015/05/14  (rcs-revision 1.43)
\pgfarrowsep=\dimen278
)
("C:\Program Files\MiKTeX 2.9\tex\generic\pgf\basiclayer\pgfcoreshade.code.tex"
File: pgfcoreshade.code.tex 2013/07/15  (rcs-revision 1.15)
\pgf@max=\dimen279
\pgf@sys@shading@range@num=\count420
) ("C:\Program Files\MiKTeX 2.9\tex\generic\pgf\basiclayer\pgfcoreimage.code.te
x"
File: pgfcoreimage.code.tex 2013/07/15  (rcs-revision 1.18)

("C:\Program Files\MiKTeX 2.9\tex\generic\pgf\basiclayer\pgfcoreexternal.code.t
ex"
File: pgfcoreexternal.code.tex 2014/07/09  (rcs-revision 1.21)
\pgfexternal@startupbox=\box57
))
("C:\Program Files\MiKTeX 2.9\tex\generic\pgf\basiclayer\pgfcorelayers.code.tex
"
File: pgfcorelayers.code.tex 2013/07/18  (rcs-revision 1.7)
)
("C:\Program Files\MiKTeX 2.9\tex\generic\pgf\basiclayer\pgfcoretransparency.co
de.tex"
File: pgfcoretransparency.code.tex 2013/09/30  (rcs-revision 1.5)
)
("C:\Program Files\MiKTeX 2.9\tex\generic\pgf\basiclayer\pgfcorepatterns.code.t
ex"
File: pgfcorepatterns.code.tex 2013/11/07  (rcs-revision 1.5)
)))
("C:\Program Files\MiKTeX 2.9\tex\generic\pgf\modules\pgfmoduleshapes.code.tex"
File: pgfmoduleshapes.code.tex 2014/03/21  (rcs-revision 1.35)
\pgfnodeparttextbox=\box58
) ("C:\Program Files\MiKTeX 2.9\tex\generic\pgf\modules\pgfmoduleplot.code.tex"
File: pgfmoduleplot.code.tex 2015/08/03  (rcs-revision 1.13)
)
("C:\Program Files\MiKTeX 2.9\tex\latex\pgf\compatibility\pgfcomp-version-0-65.
sty"
Package: pgfcomp-version-0-65 2007/07/03 v3.0.1a (rcs-revision 1.7)
\pgf@nodesepstart=\dimen280
\pgf@nodesepend=\dimen281
)
("C:\Program Files\MiKTeX 2.9\tex\latex\pgf\compatibility\pgfcomp-version-1-18.
sty"
Package: pgfcomp-version-1-18 2007/07/23 v3.0.1a (rcs-revision 1.1)
)) ("C:\Program Files\MiKTeX 2.9\tex\latex\pgf\utilities\pgffor.sty"
("C:\Program Files\MiKTeX 2.9\tex\latex\pgf\utilities\pgfkeys.sty"
("C:\Program Files\MiKTeX 2.9\tex\generic\pgf\utilities\pgfkeys.code.tex"))
("C:\Program Files\MiKTeX 2.9\tex\latex\pgf\math\pgfmath.sty"
("C:\Program Files\MiKTeX 2.9\tex\generic\pgf\math\pgfmath.code.tex"))
("C:\Program Files\MiKTeX 2.9\tex\generic\pgf\utilities\pgffor.code.tex"
Package: pgffor 2013/12/13 v3.0.1a (rcs-revision 1.25)

("C:\Program Files\MiKTeX 2.9\tex\generic\pgf\math\pgfmath.code.tex")
\pgffor@iter=\dimen282
\pgffor@skip=\dimen283
\pgffor@stack=\toks42
\pgffor@toks=\toks43
))
("C:\Program Files\MiKTeX 2.9\tex\generic\pgf\frontendlayer\tikz\tikz.code.tex"
Package: tikz 2015/08/07 v3.0.1a (rcs-revision 1.151)

("C:\Program Files\MiKTeX 2.9\tex\generic\pgf\libraries\pgflibraryplothandlers.
code.tex"
File: pgflibraryplothandlers.code.tex 2013/08/31 v3.0.1a (rcs-revision 1.20)
\pgf@plot@mark@count=\count421
\pgfplotmarksize=\dimen284
)
\tikz@lastx=\dimen285
\tikz@lasty=\dimen286
\tikz@lastxsaved=\dimen287
\tikz@lastysaved=\dimen288
\tikzleveldistance=\dimen289
\tikzsiblingdistance=\dimen290
\tikz@figbox=\box59
\tikz@figbox@bg=\box60
\tikz@tempbox=\box61
\tikz@tempbox@bg=\box62
\tikztreelevel=\count422
\tikznumberofchildren=\count423
\tikznumberofcurrentchild=\count424
\tikz@fig@count=\count425

("C:\Program Files\MiKTeX 2.9\tex\generic\pgf\modules\pgfmodulematrix.code.tex"
File: pgfmodulematrix.code.tex 2013/09/17  (rcs-revision 1.8)
\pgfmatrixcurrentrow=\count426
\pgfmatrixcurrentcolumn=\count427
\pgf@matrix@numberofcolumns=\count428
)
\tikz@expandcount=\count429

("C:\Program Files\MiKTeX 2.9\tex\generic\pgf\frontendlayer\tikz\libraries\tikz
librarytopaths.code.tex"
File: tikzlibrarytopaths.code.tex 2008/06/17 v3.0.1a (rcs-revision 1.2)
)))
("C:\Program Files\MiKTeX 2.9\tex\generic\babel\babel.sty"
Package: babel 2018/11/13 3.27 The Babel package

("C:\Program Files\MiKTeX 2.9\tex\generic\babel\switch.def"
File: switch.def 2018/11/13 3.27 Babel switching mechanism
)
*************************************
* Local config file bblopts.cfg used
*
("C:\Program Files\MiKTeX 2.9\tex\latex\arabi\bblopts.cfg"
File: bblopts.cfg 2005/09/08 v0.1 add Arabic and Farsi to "declared" options of
 babel
)
("C:\Program Files\MiKTeX 2.9\tex\latex\babel-german\german.ldf"
Language: german 2018/03/29 v2.10 German support for babel (pre-1996 orthograph
y)

("C:\Program Files\MiKTeX 2.9\tex\latex\babel-german\germanb.ldf"
Language: germanb 2018/03/29 v2.10 German support for babel (pre-1996 orthograp
hy)

("C:\Program Files\MiKTeX 2.9\tex\generic\babel\babel.def"
File: babel.def 2018/11/13 3.27 Babel common definitions
\babel@savecnt=\count430
\U@D=\dimen291

("C:\Program Files\MiKTeX 2.9\tex\generic\babel\txtbabel.def")
\bbl@dirlevel=\count431
)
Package babel Info: Making " an active character on input line 135.
)))
("C:\Program Files\MiKTeX 2.9\tex\latex\enumitem\enumitem.sty"
Package: enumitem 2011/09/28 v3.5.2 Customized lists
\enitkv@toks@=\toks44
\labelindent=\skip83
\enit@outerparindent=\dimen292
\enit@toks=\toks45
\enit@inbox=\box63
\enitdp@description=\count432
)
("C:\Program Files\MiKTeX 2.9\tex\latex\booktabs\booktabs.sty"
Package: booktabs 2005/04/14 v1.61803 publication quality tables
\heavyrulewidth=\dimen293
\lightrulewidth=\dimen294
\cmidrulewidth=\dimen295
\belowrulesep=\dimen296
\belowbottomsep=\dimen297
\aboverulesep=\dimen298
\abovetopsep=\dimen299
\cmidrulesep=\dimen300
\cmidrulekern=\dimen301
\defaultaddspace=\dimen302
\@cmidla=\count433
\@cmidlb=\count434
\@aboverulesep=\dimen303
\@belowrulesep=\dimen304
\@thisruleclass=\count435
\@lastruleclass=\count436
\@thisrulewidth=\dimen305
)
("C:\Program Files\MiKTeX 2.9\tex\latex\titlesec\titletoc.sty"
Package: titletoc 2011/12/15 v1.6 TOC entries
\ttl@leftsep=\dimen306
)
("C:\Program Files\MiKTeX 2.9\tex\latex\fancyhdr\fancyhdr.sty"
Package: fancyhdr 2017/06/30 v3.9a Extensive control of page headers and footer
s
\f@nch@headwidth=\skip84
\f@nch@O@elh=\skip85
\f@nch@O@erh=\skip86
\f@nch@O@olh=\skip87
\f@nch@O@orh=\skip88
\f@nch@O@elf=\skip89
\f@nch@O@erf=\skip90
\f@nch@O@olf=\skip91
\f@nch@O@orf=\skip92
)
("C:\Program Files\MiKTeX 2.9\tex\latex\amsfonts\amsfonts.sty"
Package: amsfonts 2013/01/14 v3.01 Basic AMSFonts support
\symAMSa=\mathgroup4
\symAMSb=\mathgroup5
LaTeX Font Info:    Overwriting math alphabet `\mathfrak' in version `bold'
(Font)                  U/euf/m/n --> U/euf/b/n on input line 106.
)
("C:\Program Files\MiKTeX 2.9\tex\latex\amsfonts\amssymb.sty"
Package: amssymb 2013/01/14 v3.01 AMS font symbols
)
("C:\Program Files\MiKTeX 2.9\tex\latex\amscls\amsthm.sty"
Package: amsthm 2017/10/31 v2.20.4
\thm@style=\toks46
\thm@bodyfont=\toks47
\thm@headfont=\toks48
\thm@notefont=\toks49
\thm@headpunct=\toks50
\thm@preskip=\skip93
\thm@postskip=\skip94
\thm@headsep=\skip95
\dth@everypar=\toks51
)
\c@notation=\count437
\c@dummy=\count438
\c@problem=\count439
\c@exerciseT=\count440
\c@exampleT=\count441
\c@vocabulary=\count442
\c@definitionT=\count443

("C:\Program Files\MiKTeX 2.9\tex\latex\mdframed\mdframed.sty"
Package: mdframed 2013/07/01 1.9b: mdframed

("C:\Program Files\MiKTeX 2.9\tex\latex\oberdiek\zref-abspage.sty"
Package: zref-abspage 2016/05/21 v2.26 Module abspage for zref (HO)

("C:\Program Files\MiKTeX 2.9\tex\latex\oberdiek\zref-base.sty"
Package: zref-base 2016/05/21 v2.26 Module base for zref (HO)

("C:\Program Files\MiKTeX 2.9\tex\generic\oberdiek\kvdefinekeys.sty"
Package: kvdefinekeys 2016/05/16 v1.4 Define keys (HO)
)
("C:\Program Files\MiKTeX 2.9\tex\latex\oberdiek\auxhook.sty"
Package: auxhook 2016/05/16 v1.4 Hooks for auxiliary files (HO)
)
Package zref Info: New property list: main on input line 759.
Package zref Info: New property: default on input line 760.
Package zref Info: New property: page on input line 761.
)
\c@abspage=\count444
Package zref Info: New property: abspage on input line 62.
)
("C:\Program Files\MiKTeX 2.9\tex\latex\needspace\needspace.sty"
Package: needspace 2010/09/12 v1.3d reserve vertical space
)
\mdf@templength=\skip96
\c@mdf@globalstyle@cnt=\count445
\mdf@skipabove@length=\skip97
\mdf@skipbelow@length=\skip98
\mdf@leftmargin@length=\skip99
\mdf@rightmargin@length=\skip100
\mdf@innerleftmargin@length=\skip101
\mdf@innerrightmargin@length=\skip102
\mdf@innertopmargin@length=\skip103
\mdf@innerbottommargin@length=\skip104
\mdf@splittopskip@length=\skip105
\mdf@splitbottomskip@length=\skip106
\mdf@outermargin@length=\skip107
\mdf@innermargin@length=\skip108
\mdf@linewidth@length=\skip109
\mdf@innerlinewidth@length=\skip110
\mdf@middlelinewidth@length=\skip111
\mdf@outerlinewidth@length=\skip112
\mdf@roundcorner@length=\skip113
\mdf@footenotedistance@length=\skip114
\mdf@userdefinedwidth@length=\skip115
\mdf@needspace@length=\skip116
\mdf@frametitleaboveskip@length=\skip117
\mdf@frametitlebelowskip@length=\skip118
\mdf@frametitlerulewidth@length=\skip119
\mdf@frametitleleftmargin@length=\skip120
\mdf@frametitlerightmargin@length=\skip121
\mdf@shadowsize@length=\skip122
\mdf@extratopheight@length=\skip123
\mdf@subtitleabovelinewidth@length=\skip124
\mdf@subtitlebelowlinewidth@length=\skip125
\mdf@subtitleaboveskip@length=\skip126
\mdf@subtitlebelowskip@length=\skip127
\mdf@subtitleinneraboveskip@length=\skip128
\mdf@subtitleinnerbelowskip@length=\skip129
\mdf@subsubtitleabovelinewidth@length=\skip130
\mdf@subsubtitlebelowlinewidth@length=\skip131
\mdf@subsubtitleaboveskip@length=\skip132
\mdf@subsubtitlebelowskip@length=\skip133
\mdf@subsubtitleinneraboveskip@length=\skip134
\mdf@subsubtitleinnerbelowskip@length=\skip135

("C:\Program Files\MiKTeX 2.9\tex\latex\mdframed\md-frame-0.mdf"
File: md-frame-0.mdf 2013/07/01\ 1.9b: md-frame-0
)
\mdf@frametitlebox=\box64
\mdf@footnotebox=\box65
\mdf@splitbox@one=\box66
\mdf@splitbox@two=\box67
\mdf@splitbox@save=\box68
\mdfsplitboxwidth=\skip136
\mdfsplitboxtotalwidth=\skip137
\mdfsplitboxheight=\skip138
\mdfsplitboxdepth=\skip139
\mdfsplitboxtotalheight=\skip140
\mdfframetitleboxwidth=\skip141
\mdfframetitleboxtotalwidth=\skip142
\mdfframetitleboxheight=\skip143
\mdfframetitleboxdepth=\skip144
\mdfframetitleboxtotalheight=\skip145
\mdffootnoteboxwidth=\skip146
\mdffootnoteboxtotalwidth=\skip147
\mdffootnoteboxheight=\skip148
\mdffootnoteboxdepth=\skip149
\mdffootnoteboxtotalheight=\skip150
\mdftotallinewidth=\skip151
\mdfboundingboxwidth=\skip152
\mdfboundingboxtotalwidth=\skip153
\mdfboundingboxheight=\skip154
\mdfboundingboxdepth=\skip155
\mdfboundingboxtotalheight=\skip156
\mdf@freevspace@length=\skip157
\mdf@horizontalwidthofbox@length=\skip158
\mdf@verticalmarginwhole@length=\skip159
\mdf@horizontalspaceofbox=\skip160
\mdfsubtitleheight=\skip161
\mdfsubsubtitleheight=\skip162
\c@mdfcountframes=\count446

****** mdframed patching \endmdf@trivlist

****** -- success******

\mdf@envdepth=\count447
\c@mdf@env@i=\count448
\c@mdf@env@ii=\count449
\c@mdf@zref@counter=\count450
Package zref Info: New property: mdf@pagevalue on input line 895.
)
("C:\Program Files\MiKTeX 2.9\tex\latex\hyperref\hyperref.sty"
Package: hyperref 2018/09/30 v6.88a Hypertext links for LaTeX

("C:\Program Files\MiKTeX 2.9\tex\generic\oberdiek\hobsub-hyperref.sty"
Package: hobsub-hyperref 2016/05/16 v1.14 Bundle oberdiek, subset hyperref (HO)


("C:\Program Files\MiKTeX 2.9\tex\generic\oberdiek\hobsub-generic.sty"
Package: hobsub-generic 2016/05/16 v1.14 Bundle oberdiek, subset generic (HO)
Package: hobsub 2016/05/16 v1.14 Construct package bundles (HO)
Package hobsub Info: Skipping package `infwarerr' (already loaded).
Package hobsub Info: Skipping package `ltxcmds' (already loaded).
Package hobsub Info: Skipping package `ifluatex' (already loaded).
Package hobsub Info: Skipping package `ifvtex' (already loaded).
Package: intcalc 2016/05/16 v1.2 Expandable calculations with integers (HO)
Package hobsub Info: Skipping package `ifpdf' (already loaded).
Package hobsub Info: Skipping package `etexcmds' (already loaded).
Package hobsub Info: Skipping package `kvsetkeys' (already loaded).
Package hobsub Info: Skipping package `kvdefinekeys' (already loaded).
Package hobsub Info: Skipping package `pdftexcmds' (already loaded).
Package: pdfescape 2016/05/16 v1.14 Implements pdfTeX's escape features (HO)
Package: bigintcalc 2016/05/16 v1.4 Expandable calculations on big integers (HO
)
Package: bitset 2016/05/16 v1.2 Handle bit-vector datatype (HO)
Package: uniquecounter 2016/05/16 v1.3 Provide unlimited unique counter (HO)
)
Package hobsub Info: Skipping package `hobsub' (already loaded).
Package: letltxmacro 2016/05/16 v1.5 Let assignment for LaTeX macros (HO)
Package: hopatch 2016/05/16 v1.3 Wrapper for package hooks (HO)
Package: xcolor-patch 2016/05/16 xcolor patch
Package: atveryend 2016/05/16 v1.9 Hooks at the very end of document (HO)
Package hobsub Info: Skipping package `atbegshi' (already loaded).
Package: refcount 2016/05/16 v3.5 Data extraction from label references (HO)
Package: hycolor 2016/05/16 v1.8 Color options for hyperref/bookmark (HO)
)
\@linkdim=\dimen307
\Hy@linkcounter=\count451
\Hy@pagecounter=\count452

("C:\Program Files\MiKTeX 2.9\tex\latex\hyperref\pd1enc.def"
File: pd1enc.def 2018/09/30 v6.88a Hyperref: PDFDocEncoding definition (HO)
Now handling font encoding PD1 ...
... no UTF-8 mapping file for font encoding PD1
)
\Hy@SavedSpaceFactor=\count453

("C:\Program Files\MiKTeX 2.9\tex\latex\00miktex\hyperref.cfg"
File: hyperref.cfg 2002/06/06 v1.2 hyperref configuration of TeXLive
)
Package hyperref Info: Hyper figures OFF on input line 4535.
Package hyperref Info: Link nesting OFF on input line 4540.
Package hyperref Info: Hyper index ON on input line 4543.
Package hyperref Info: Plain pages OFF on input line 4550.
Package hyperref Info: Backreferencing OFF on input line 4555.
Package hyperref Info: Implicit mode ON; LaTeX internals redefined.
Package hyperref Info: Bookmarks ON on input line 4788.
\c@Hy@tempcnt=\count454
LaTeX Info: Redefining \url on input line 5141.
\XeTeXLinkMargin=\dimen308
\Fld@menulength=\count455
\Field@Width=\dimen309
\Fld@charsize=\dimen310
Package hyperref Info: Hyper figures OFF on input line 6396.
Package hyperref Info: Link nesting OFF on input line 6401.
Package hyperref Info: Hyper index ON on input line 6404.
Package hyperref Info: backreferencing OFF on input line 6411.
Package hyperref Info: Link coloring OFF on input line 6416.
Package hyperref Info: Link coloring with OCG OFF on input line 6421.
Package hyperref Info: PDF/A mode OFF on input line 6426.
LaTeX Info: Redefining \ref on input line 6466.
LaTeX Info: Redefining \pageref on input line 6470.
\Hy@abspage=\count456
\c@Item=\count457
\c@Hfootnote=\count458
)
Package hyperref Info: Driver (autodetected): hpdftex.

("C:\Program Files\MiKTeX 2.9\tex\latex\hyperref\hpdftex.def"
File: hpdftex.def 2018/09/30 v6.88a Hyperref driver for pdfTeX
\HyAnn@Count=\count459
\Fld@listcount=\count460
\c@bookmark@seq@number=\count461

("C:\Program Files\MiKTeX 2.9\tex\latex\oberdiek\rerunfilecheck.sty"
Package: rerunfilecheck 2016/05/16 v1.8 Rerun checks for auxiliary files (HO)
Package uniquecounter Info: New unique counter `rerunfilecheck' on input line 2
82.
)
\Hy@SectionHShift=\skip163
)

Package hyperref Warning: Option `backref' has already been used,
(hyperref)                setting the option has no effect on input line 293.


Package hyperref Warning: Option `pagebackref' has already been used,
(hyperref)                setting the option has no effect on input line 293.


Package hyperref Warning: Option `hyperindex' has already been used,
(hyperref)                setting the option has no effect on input line 293.

Package hyperref Info: Option `colorlinks' set `false' on input line 293.
Package hyperref Info: Option `breaklinks' set `true' on input line 293.

Package hyperref Warning: Option `bookmarks' has already been used,
(hyperref)                setting the option has no effect on input line 293.

Package hyperref Info: Option `bookmarksopen' set `false' on input line 293.
)
Package biblatex Info: Trying to load language 'german'...
Package biblatex Info: ... file 'german.lbx' found.
 ("C:\Program Files\MiKTeX 2.9\tex\latex\biblatex\lbx\german.lbx"
File: german.lbx 2018/11/02 v3.12 biblatex localization (PK/MW)
)

Package biblatex Warning: 'babel/polyglossia' detected but 'csquotes' missing.
(biblatex)                Loading 'csquotes' recommended.

\@quotelevel=\count462
\@quotereset=\count463

LaTeX Warning: Unused global option(s):
    [ceqn].

(main.aux

LaTeX Warning: Label `cluster' multiply defined.


LaTeX Warning: Label `cluster' multiply defined.


LaTeX Warning: Label `nsfcdt' multiply defined.

)
\openout1 = `main.aux'.

LaTeX Font Info:    Checking defaults for OML/cmm/m/it on input line 51.
LaTeX Font Info:    ... okay on input line 51.
LaTeX Font Info:    Checking defaults for T1/cmr/m/n on input line 51.
LaTeX Font Info:    ... okay on input line 51.
LaTeX Font Info:    Checking defaults for OT1/cmr/m/n on input line 51.
LaTeX Font Info:    ... okay on input line 51.
LaTeX Font Info:    Checking defaults for OMS/cmsy/m/n on input line 51.
LaTeX Font Info:    ... okay on input line 51.
LaTeX Font Info:    Checking defaults for OMX/cmex/m/n on input line 51.
LaTeX Font Info:    ... okay on input line 51.
LaTeX Font Info:    Checking defaults for U/cmr/m/n on input line 51.
LaTeX Font Info:    ... okay on input line 51.
LaTeX Font Info:    Checking defaults for PD1/pdf/m/n on input line 51.
LaTeX Font Info:    ... okay on input line 51.
LaTeX Font Info:    Try loading font information for T1+lmr on input line 51.
 ("C:\Program Files\MiKTeX 2.9\tex\latex\lm\t1lmr.fd"
File: t1lmr.fd 2009/10/30 v1.6 Font defs for Latin Modern
)
("C:\Program Files\MiKTeX 2.9\tex\context\base\supp-pdf.mkii"
[Loading MPS to PDF converter (version 2006.09.02).]
\scratchcounter=\count464
\scratchdimen=\dimen311
\scratchbox=\box69
\nofMPsegments=\count465
\nofMParguments=\count466
\everyMPshowfont=\toks52
\MPscratchCnt=\count467
\MPscratchDim=\dimen312
\MPnumerator=\count468
\makeMPintoPDFobject=\count469
\everyMPtoPDFconversion=\toks53
) ("C:\Program Files\MiKTeX 2.9\tex\latex\oberdiek\epstopdf-base.sty"
Package: epstopdf-base 2016/05/15 v2.6 Base part for package epstopdf

("C:\Program Files\MiKTeX 2.9\tex\latex\oberdiek\grfext.sty"
Package: grfext 2016/05/16 v1.2 Manage graphics extensions (HO)
)
Package epstopdf-base Info: Redefining graphics rule for `.eps' on input line 4
38.
Package grfext Info: Graphics extension search list:
(grfext)             [.pdf,.png,.jpg,.mps,.jpeg,.jbig2,.jb2,.PDF,.PNG,.JPG,.JPE
G,.JBIG2,.JB2,.eps]
(grfext)             \AppendGraphicsExtensions on input line 456.
)
*geometry* driver: auto-detecting
*geometry* detected driver: pdftex
*geometry* verbose mode - [ preamble ] result:
* driver: pdftex
* paper: letterpaper
* layout: <same size as paper>
* layoutoffset:(h,v)=(0.0pt,0.0pt)
* modes: twoside 
* h-part:(L,W,R)=(91.04872pt, 432.19756pt, 91.04872pt)
* v-part:(T,H,B)=(85.35826pt, 624.25346pt, 85.35826pt)
* \paperwidth=614.295pt
* \paperheight=794.96999pt
* \textwidth=432.19756pt
* \textheight=624.25346pt
* \oddsidemargin=18.77873pt
* \evensidemargin=18.77873pt
* \topmargin=-8.91173pt
* \headheight=14.5pt
* \headsep=10.0pt
* \topskip=11.0pt
* \footskip=27.46295pt
* \marginparwidth=116.0pt
* \marginparsep=7.0pt
* \columnsep=10.0pt
* \skip\footins=10.0pt plus 4.0pt minus 2.0pt
* \hoffset=0.0pt
* \voffset=0.0pt
* \mag=1000
* \@twocolumnfalse
* \@twosidetrue
* \@mparswitchtrue
* \@reversemarginfalse
* (1in=72.27pt=25.4mm, 1cm=28.453pt)

\c@lstlisting=\count470
Package caption Info: Begin \AtBeginDocument code.
Package caption Info: float package is loaded.
Package caption Info: hyperref package is loaded.
Package caption Info: End \AtBeginDocument code.
LaTeX Info: Redefining \microtypecontext on input line 51.
Package microtype Info: Generating PDF output.
Package microtype Info: Character protrusion enabled (level 2).
Package microtype Info: Using default protrusion set `alltext'.
Package microtype Info: Automatic font expansion enabled (level 2),
(microtype)             stretch: 20, shrink: 20, step: 1, non-selected.
Package microtype Info: Using default expansion set `basictext'.
Package microtype Info: No adjustment of tracking.
Package microtype Info: No adjustment of interword spacing.
Package microtype Info: No adjustment of character kerning.
("C:\Program Files\MiKTeX 2.9\tex\latex\microtype\mt-cmr.cfg"
File: mt-cmr.cfg 2013/05/19 v2.2 microtype config. file: Computer Modern Roman 
(RS)
)
Package biblatex Info: Input encoding 'utf8' detected.
Package biblatex Info: Automatic encoding selection.
(biblatex)             Assuming data encoding 'utf8'.
\openout3 = `main.bcf'.

Package biblatex Info: Trying to load bibliographic data...
Package biblatex Info: ... file 'main.bbl' found.
 (main.bbl)
Package biblatex Info: Reference section=0 on input line 51.
Package biblatex Info: Reference segment=0 on input line 51.
\AtBeginShipoutBox=\box70

("C:\Program Files\MiKTeX 2.9\tex\latex\oberdiek\pdflscape.sty"
Package: pdflscape 2016/05/14 v0.11 Display of landscape pages in PDF (HO)

("C:\Program Files\MiKTeX 2.9\tex\latex\graphics\lscape.sty"
Package: lscape 2000/10/22 v3.01 Landscape Pages (DPC)
)
Package pdflscape Info: Auto-detected driver: pdftex on input line 81.
)
ABD: EveryShipout initializing macros
Package hyperref Info: Link coloring OFF on input line 51.

("C:\Program Files\MiKTeX 2.9\tex\latex\hyperref\nameref.sty"
Package: nameref 2016/05/21 v2.44 Cross-referencing by name of section

("C:\Program Files\MiKTeX 2.9\tex\generic\oberdiek\gettitlestring.sty"
Package: gettitlestring 2016/05/16 v1.5 Cleanup title references (HO)
)
\c@section@level=\count471
)
LaTeX Info: Redefining \ref on input line 51.
LaTeX Info: Redefining \pageref on input line 51.
LaTeX Info: Redefining \nameref on input line 51.

(main.out) (main.out)
\@outlinefile=\write5
\openout5 = `main.out'.

LaTeX Font Info:    Try loading font information for T1+lmss on input line 61.
 ("C:\Program Files\MiKTeX 2.9\tex\latex\lm\t1lmss.fd"
File: t1lmss.fd 2009/10/30 v1.6 Font defs for Latin Modern
)
Package microtype Info: Loading generic protrusion settings for font family
(microtype)             `lmss' (encoding: T1).
(microtype)             For optimal results, create family-specific settings.
(microtype)             See the microtype manual for details.
<Pictures/head1.jpg, id=282, 3854.4pt x 2168.1pt>
File: Pictures/head1.jpg Graphic file (type jpg)
<use Pictures/head1.jpg>
Package pdftex.def Info: Pictures/head1.jpg  used on input line 72.
(pdftex.def)             Requested size: 1426.10571pt x 802.18446pt.

[1

{C:/Users/Robin/AppData/Local/MiKTeX/2.9/pdftex/config/pdftex.map} <./Pictures/
head1.jpg>]
Package microtype Info: Character `029' is missing
(microtype)             in font `T1/lmr/m/sc/10.95'.
(microtype)             Ignoring protrusion settings for this character.

Underfull \hbox (badness 10000) in paragraph at lines 77--78

 []


Underfull \hbox (badness 10000) in paragraph at lines 77--78

 []


Underfull \hbox (badness 10000) in paragraph at lines 79--80

 []

[2]
<Pictures/head8.jpg, id=297, 2890.8pt x 1502.61375pt>
File: Pictures/head8.jpg Graphic file (type jpg)
<use Pictures/head8.jpg>
Package pdftex.def Info: Pictures/head8.jpg  used on input line 93.
(pdftex.def)             Requested size: 614.295pt x 319.29547pt.
 (main.toc [3

 <./Pictures/head8.jpg>] [4])
\tf@toc=\write6
\openout6 = `main.toc'.

 [5] [6

]
Kapitel 1.
\c@ttl@toc@default=\count472
File: Pictures/head8.jpg Graphic file (type jpg)
<use Pictures/head8.jpg>
Package pdftex.def Info: Pictures/head8.jpg  used on input line 105.
(pdftex.def)             Requested size: 614.295pt x 319.29547pt.
[7] [8

]
Kapitel 2.
File: Pictures/head8.jpg Graphic file (type jpg)
<use Pictures/head8.jpg>
Package pdftex.def Info: Pictures/head8.jpg  used on input line 113.
(pdftex.def)             Requested size: 614.295pt x 319.29547pt.
LaTeX Font Info:    Try loading font information for OT1+lmr on input line 118.

("C:\Program Files\MiKTeX 2.9\tex\latex\lm\ot1lmr.fd"
File: ot1lmr.fd 2009/10/30 v1.6 Font defs for Latin Modern
)
LaTeX Font Info:    Try loading font information for OML+lmm on input line 118.


("C:\Program Files\MiKTeX 2.9\tex\latex\lm\omllmm.fd"
File: omllmm.fd 2009/10/30 v1.6 Font defs for Latin Modern
)
LaTeX Font Info:    Try loading font information for OMS+lmsy on input line 118
.

("C:\Program Files\MiKTeX 2.9\tex\latex\lm\omslmsy.fd"
File: omslmsy.fd 2009/10/30 v1.6 Font defs for Latin Modern
)
LaTeX Font Info:    Try loading font information for OMX+lmex on input line 118
.

("C:\Program Files\MiKTeX 2.9\tex\latex\lm\omxlmex.fd"
File: omxlmex.fd 2009/10/30 v1.6 Font defs for Latin Modern
)
LaTeX Font Info:    External font `lmex10' loaded for size
(Font)              <10.95> on input line 118.
LaTeX Font Info:    External font `lmex10' loaded for size
(Font)              <8> on input line 118.
LaTeX Font Info:    External font `lmex10' loaded for size
(Font)              <6> on input line 118.
LaTeX Font Info:    Try loading font information for U+msa on input line 118.

("C:\Program Files\MiKTeX 2.9\tex\latex\amsfonts\umsa.fd"
File: umsa.fd 2013/01/14 v3.01 AMS symbols A
)
("C:\Program Files\MiKTeX 2.9\tex\latex\microtype\mt-msa.cfg"
File: mt-msa.cfg 2006/02/04 v1.1 microtype config. file: AMS symbols (a) (RS)
)
LaTeX Font Info:    Try loading font information for U+msb on input line 118.

("C:\Program Files\MiKTeX 2.9\tex\latex\amsfonts\umsb.fd"
File: umsb.fd 2013/01/14 v3.01 AMS symbols B
)
("C:\Program Files\MiKTeX 2.9\tex\latex\microtype\mt-msb.cfg"
File: mt-msb.cfg 2005/06/01 v1.0 microtype config. file: AMS symbols (b) (RS)
)
LaTeX Font Info:    External font `lmex10' loaded for size
(Font)              <9> on input line 118.
LaTeX Font Info:    External font `lmex10' loaded for size
(Font)              <5> on input line 118.
LaTeX Font Info:    Try loading font information for OMS+lmr on input line 121.


("C:\Program Files\MiKTeX 2.9\tex\latex\lm\omslmr.fd"
File: omslmr.fd 2009/10/30 v1.6 Font defs for Latin Modern
)
LaTeX Font Info:    Font shape `OMS/lmr/m/n' in size <10.95> not available
(Font)              Font shape `OMS/lmsy/m/n' tried instead on input line 121.
 [9]
<Pictures/gradnetz.jpg, id=477, 252.945pt x 263.0628pt>
File: Pictures/gradnetz.jpg Graphic file (type jpg)
<use Pictures/gradnetz.jpg>
Package pdftex.def Info: Pictures/gradnetz.jpg  used on input line 142.
(pdftex.def)             Requested size: 177.06029pt x 184.1427pt.
 [10 <./Pictures/gradnetz.jpg>]
<Pictures/kdd.jpg, id=489, 770.88pt x 479.7925pt>
File: Pictures/kdd.jpg Graphic file (type jpg)
<use Pictures/kdd.jpg>
Package pdftex.def Info: Pictures/kdd.jpg  used on input line 165.
(pdftex.def)             Requested size: 269.81204pt x 167.92987pt.
LaTeX Font Info:    Try loading font information for T1+lmtt on input line 168.

 ("C:\Program Files\MiKTeX 2.9\tex\latex\lm\t1lmtt.fd"
File: t1lmtt.fd 2009/10/30 v1.6 Font defs for Latin Modern
)
Package microtype Info: Loading generic protrusion settings for font family
(microtype)             `lmtt' (encoding: T1).
(microtype)             For optimal results, create family-specific settings.
(microtype)             See the microtype manual for details.

Underfull \hbox (badness 10000) in paragraph at lines 168--168
[][][][]$\T1/lmtt/m/n/9 http : / / www . enzyklopaedie-[]der-[]wirtschaftsinfor
matik . de / lexikon / daten-[]wissen /
 []


Underfull \hbox (badness 10000) in paragraph at lines 168--168
\T1/lmtt/m/n/9 Business-[]Intelligence / Analytische-[]Informationssysteme-[]-[
]Methoden-[]der-[] / Data-[]Mining / index .
 []

[11 <./Pictures/kdd.jpg>] [12] [13]
<Pictures/raster.jpg, id=521, 369.38pt x 231.86626pt>
File: Pictures/raster.jpg Graphic file (type jpg)
<use Pictures/raster.jpg>
Package pdftex.def Info: Pictures/raster.jpg  used on input line 277.
(pdftex.def)             Requested size: 184.68954pt x 115.93283pt.

Underfull \vbox (badness 10000) has occurred while \output is active []

 [14]
<Pictures/vertex.jpg, id=530, 641.39626pt x 595.22375pt>
File: Pictures/vertex.jpg Graphic file (type jpg)
<use Pictures/vertex.jpg>
Package pdftex.def Info: Pictures/vertex.jpg  used on input line 307.
(pdftex.def)             Requested size: 192.42035pt x 178.5685pt.

Underfull \vbox (badness 10000) has occurred while \output is active []

 [15 <./Pictures/raster.jpg>]
<Pictures/poly.jpg, id=539, 1327.96124pt x 636.3775pt>
File: Pictures/poly.jpg Graphic file (type jpg)
<use Pictures/poly.jpg>
Package pdftex.def Info: Pictures/poly.jpg  used on input line 317.
(pdftex.def)             Requested size: 398.39145pt x 190.91472pt.
 [16 <./Pictures/vertex.jpg> <./Pictures/poly.jpg>]
Underfull \hbox (badness 10000) in paragraph at lines 341--341
[][][][]$\T1/lmtt/m/n/9 http : / / webhelp . esri . com / arcgisdesktop / 9 . 3
 / index . cfm ? TopicName = Geoprocessing %
 []

<Pictures/gis.jpg, id=556, 1651.88571pt x 887.88857pt>
File: Pictures/gis.jpg Graphic file (type jpg)
<use Pictures/gis.jpg>
Package pdftex.def Info: Pictures/gis.jpg  used on input line 348.
(pdftex.def)             Requested size: 379.92572pt x 204.21007pt.
[17 <./Pictures/gis.jpg>]
<Pictures/raster_nat_earth.jpg, id=569, 464.59285pt x 232.29643pt>
File: Pictures/raster_nat_earth.jpg Graphic file (type jpg)
<use Pictures/raster_nat_earth.jpg>
Package pdftex.def Info: Pictures/raster_nat_earth.jpg  used on input line 358.

(pdftex.def)             Requested size: 418.12968pt x 209.06483pt.
 [18 <./Pictures/raster_nat_earth.jpg>]
Kapitel 3.
File: Pictures/head8.jpg Graphic file (type jpg)
<use Pictures/head8.jpg>
Package pdftex.def Info: Pictures/head8.jpg  used on input line 370.
(pdftex.def)             Requested size: 614.295pt x 319.29547pt.
[19

] [20

]
<Pictures/anwendungen.jpg, id=593, 516.21428pt x 641.82643pt>
File: Pictures/anwendungen.jpg Graphic file (type jpg)
<use Pictures/anwendungen.jpg>
Package pdftex.def Info: Pictures/anwendungen.jpg  used on input line 420.
(pdftex.def)             Requested size: 376.83328pt x 468.5294pt.


LaTeX Warning: `h' float specifier changed to `ht'.

[21 <./Pictures/anwendungen.jpg>]
<Pictures/wxplusb.jpg, id=599, 1566.28018pt x 636.66429pt>
File: Pictures/wxplusb.jpg Graphic file (type jpg)
<use Pictures/wxplusb.jpg>
Package pdftex.def Info: Pictures/wxplusb.jpg  used on input line 435.
(pdftex.def)             Requested size: 391.56909pt x 159.16568pt.
<Pictures/hyperraum.jpg, id=600, 853.90446pt x 658.6034pt>
File: Pictures/hyperraum.jpg Graphic file (type jpg)
<use Pictures/hyperraum.jpg>
Package pdftex.def Info: Pictures/hyperraum.jpg  used on input line 443.
(pdftex.def)             Requested size: 256.17331pt x 197.58253pt.

Underfull \vbox (badness 10000) has occurred while \output is active []

 [22



 <./Pictures/wxplusb.jpg>] [23 <./Pictures/hyperraum.jpg>]
<Pictures/mlnn.jpg, id=616, 793.96625pt x 389.455pt>
File: Pictures/mlnn.jpg Graphic file (type jpg)
<use Pictures/mlnn.jpg>
Package pdftex.def Info: Pictures/mlnn.jpg  used on input line 476.
(pdftex.def)             Requested size: 277.89235pt x 136.31128pt.
<Pictures/sigmoid.jpg, id=617, 3205.9775pt x 1198.4775pt>
File: Pictures/sigmoid.jpg Graphic file (type jpg)
<use Pictures/sigmoid.jpg>
Package pdftex.def Info: Pictures/sigmoid.jpg  used on input line 494.
(pdftex.def)             Requested size: 384.7007pt x 143.8111pt.
 [24 <./Pictures/mlnn.jpg>]
<Pictures/aktf.jpg, id=624, 2932.9575pt x 1074.0125pt>
File: Pictures/aktf.jpg Graphic file (type jpg)
<use Pictures/aktf.jpg>
Package pdftex.def Info: Pictures/aktf.jpg  used on input line 504.
(pdftex.def)             Requested size: 439.92465pt x 161.09492pt.

Overfull \hbox (7.7271pt too wide) in paragraph at lines 504--505
 [][] 
 []


Underfull \vbox (badness 10000) has occurred while \output is active []

 [25 <./Pictures/sigmoid.jpg>]
<Pictures/momentum.jpg, id=632, 798.985pt x 221.82875pt>
File: Pictures/momentum.jpg Graphic file (type jpg)
<use Pictures/momentum.jpg>
Package pdftex.def Info: Pictures/momentum.jpg  used on input line 530.
(pdftex.def)             Requested size: 279.64894pt x 77.6412pt.
 [26 <./Pictures/aktf.jpg>]
<Pictures/convolution.jpg, id=639, 2200.22pt x 1264.725pt>
File: Pictures/convolution.jpg Graphic file (type jpg)
<use Pictures/convolution.jpg>
Package pdftex.def Info: Pictures/convolution.jpg  used on input line 555.
(pdftex.def)             Requested size: 330.01877pt x 189.70056pt.

Underfull \vbox (badness 10000) has occurred while \output is active []

 [27 <./Pictures/momentum.jpg>]
<Pictures/pooling.jpg, id=645, 836.69733pt x 382.85893pt>
File: Pictures/pooling.jpg Graphic file (type jpg)
<use Pictures/pooling.jpg>
Package pdftex.def Info: Pictures/pooling.jpg  used on input line 567.
(pdftex.def)             Requested size: 251.01114pt x 114.85855pt.
<Pictures/conv-construction.jpg, id=646, 3778.115pt x 1414.28375pt>
File: Pictures/conv-construction.jpg Graphic file (type jpg)
<use Pictures/conv-construction.jpg>
Package pdftex.def Info: Pictures/conv-construction.jpg  used on input line 574
.
(pdftex.def)             Requested size: 377.83363pt x 141.43666pt.
 [28 <./Pictures/convolution.jpg> <./Pictures/pooling.jpg>]
<Pictures/conv-layers.jpg, id=653, 1433.78517pt x 520.94624pt>
File: Pictures/conv-layers.jpg Graphic file (type jpg)
<use Pictures/conv-layers.jpg>
Package pdftex.def Info: Pictures/conv-layers.jpg  used on input line 582.
(pdftex.def)             Requested size: 358.44542pt x 130.23624pt.
[29 <./Pictures/conv-construction.jpg> <./Pictures/conv-layers.jpg>]
<Pictures/RNN.jpg, id=663, 1921.1775pt x 1549.79pt>
File: Pictures/RNN.jpg Graphic file (type jpg)
<use Pictures/RNN.jpg>
Package pdftex.def Info: Pictures/RNN.jpg  used on input line 611.
(pdftex.def)             Requested size: 288.16418pt x 232.45847pt.
 [30 <./Pictures/RNN.jpg>] [31] [32]
<Pictures/multi-task-learning.jpg, id=680, 2706.11pt x 1485.55pt>
File: Pictures/multi-task-learning.jpg Graphic file (type jpg)
<use Pictures/multi-task-learning.jpg>
Package pdftex.def Info: Pictures/multi-task-learning.jpg  used on input line 6
71.
(pdftex.def)             Requested size: 270.62685pt x 148.5637pt.

Underfull \vbox (badness 10000) has occurred while \output is active []

 [33]
[34 <./Pictures/multi-task-learning.jpg>] [35] [36

]
Kapitel 4.
File: Pictures/head8.jpg Graphic file (type jpg)
<use Pictures/head8.jpg>
Package pdftex.def Info: Pictures/head8.jpg  used on input line 724.
(pdftex.def)             Requested size: 614.295pt x 319.29547pt.
[37]
<Pictures/spektral.jpg, id=706, 452.07191pt x 341.36043pt>
File: Pictures/spektral.jpg Graphic file (type jpg)
<use Pictures/spektral.jpg>
Package pdftex.def Info: Pictures/spektral.jpg  used on input line 730.
(pdftex.def)             Requested size: 248.64032pt x 187.74881pt.
<Pictures/3dcluster.jpg, id=710, 1271.75125pt x 726.715pt>
File: Pictures/3dcluster.jpg Graphic file (type jpg)
<use Pictures/3dcluster.jpg>
Package pdftex.def Info: Pictures/3dcluster.jpg  used on input line 738.
(pdftex.def)             Requested size: 381.52832pt x 218.01617pt.
 [38 <./Pictures/spektral.jpg> <./Pictures/3dcluster.jpg>] [39]
<Pictures/kmeans.jpg, id=727, 1981.4025pt x 1641.13126pt>
File: Pictures/kmeans.jpg Graphic file (type jpg)
<use Pictures/kmeans.jpg>
Package pdftex.def Info: Pictures/kmeans.jpg  used on input line 772.
(pdftex.def)             Requested size: 336.83397pt x 278.98862pt.
 [40 <./Pictures/kmeans.jpg>] [41]
<Pictures/dbscanprob.jpg, id=746, 1180.84018pt x 479.64911pt>
File: Pictures/dbscanprob.jpg Graphic file (type jpg)
<use Pictures/dbscanprob.jpg>
Package pdftex.def Info: Pictures/dbscanprob.jpg  used on input line 821.
(pdftex.def)             Requested size: 413.30026pt x 167.87968pt.

Underfull \vbox (badness 10000) has occurred while \output is active []

 [42]
<Pictures/neps.jpg, id=755, 1031.855pt x 513.92pt>
File: Pictures/neps.jpg Graphic file (type jpg)
<use Pictures/neps.jpg>
Package pdftex.def Info: Pictures/neps.jpg  used on input line 835.
(pdftex.def)             Requested size: 129.66058pt x 64.57703pt.
<Pictures/dichteerreichbar.jpg, id=756, 875.27pt x 590.205pt>
File: Pictures/dichteerreichbar.jpg Graphic file (type jpg)
<use Pictures/dichteerreichbar.jpg>
Package pdftex.def Info: Pictures/dichteerreichbar.jpg  used on input line 844.

(pdftex.def)             Requested size: 129.66058pt x 87.42822pt.
<Pictures/dichteverbunden.jpg, id=757, 1015.795pt x 581.17125pt>
File: Pictures/dichteverbunden.jpg Graphic file (type jpg)
<use Pictures/dichteverbunden.jpg>
Package pdftex.def Info: Pictures/dichteverbunden.jpg  used on input line 852.
(pdftex.def)             Requested size: 129.66058pt x 74.18037pt.
<Pictures/kdrd.jpg, id=758, 1806.75pt x 1632.0975pt>
File: Pictures/kdrd.jpg Graphic file (type jpg)
<use Pictures/kdrd.jpg>
Package pdftex.def Info: Pictures/kdrd.jpg  used on input line 865.
(pdftex.def)             Requested size: 194.48758pt x 175.67119pt.

Underfull \vbox (badness 10000) has occurred while \output is active []

 [43 <./Pictures/dbscanprob.jpg> <./Pictures/neps.jpg> <./Pictures/dichteerreic
hbar.jpg> <./Pictures/dichteverbunden.jpg>]
<Pictures/reachdiag.jpg, id=768, 3501.08pt x 1033.8625pt>
File: Pictures/reachdiag.jpg Graphic file (type jpg)
<use Pictures/reachdiag.jpg>
Package pdftex.def Info: Pictures/reachdiag.jpg  used on input line 872.
(pdftex.def)             Requested size: 420.11148pt x 124.05814pt.

Underfull \vbox (badness 10000) has occurred while \output is active []

 [44 <./Pictures/kdrd.jpg> <./Pictures/reachdiag.jpg>]
Underfull \vbox (badness 10000) has occurred while \output is active []

 [45]
<Pictures/opt1.jpg, id=812, 2012.37535pt x 989.41072pt>
File: Pictures/opt1.jpg Graphic file (type jpg)
<use Pictures/opt1.jpg>
Package pdftex.def Info: Pictures/opt1.jpg  used on input line 941.
(pdftex.def)             Requested size: 301.84328pt x 148.4052pt.
<Pictures/opt2.jpg, id=813, 2006.35286pt x 991.13142pt>
File: Pictures/opt2.jpg Graphic file (type jpg)
<use Pictures/opt2.jpg>
Package pdftex.def Info: Pictures/opt2.jpg  used on input line 946.
(pdftex.def)             Requested size: 300.93994pt x 148.6633pt.

Underfull \vbox (badness 10000) has occurred while \output is active []

 [46 <./Pictures/opt1.jpg>]
<Pictures/opt3.jpg, id=832, 2052.81215pt x 979.08643pt>
File: Pictures/opt3.jpg Graphic file (type jpg)
<use Pictures/opt3.jpg>
Package pdftex.def Info: Pictures/opt3.jpg  used on input line 951.
(pdftex.def)             Requested size: 307.90854pt x 146.85663pt.
<Pictures/opt4.jpg, id=833, 2027.00143pt x 985.10893pt>
File: Pictures/opt4.jpg Graphic file (type jpg)
<use Pictures/opt4.jpg>
Package pdftex.def Info: Pictures/opt4.jpg  used on input line 956.
(pdftex.def)             Requested size: 304.0371pt x 147.75996pt.
<Pictures/opt5.jpg, id=834, 2020.11858pt x 979.08643pt>
File: Pictures/opt5.jpg Graphic file (type jpg)
<use Pictures/opt5.jpg>
Package pdftex.def Info: Pictures/opt5.jpg  used on input line 963.
(pdftex.def)             Requested size: 303.00471pt x 146.85663pt.
 [47 <./Pictures/opt2.jpg> <./Pictures/opt3.jpg> <./Pictures/opt4.jpg>]
<Pictures/opt6.jpg, id=842, 2032.16357pt x 967.90178pt>
File: Pictures/opt6.jpg Graphic file (type jpg)
<use Pictures/opt6.jpg>
Package pdftex.def Info: Pictures/opt6.jpg  used on input line 968.
(pdftex.def)             Requested size: 304.81139pt x 145.179pt.
<Pictures/opt7.jpg, id=843, 2027.00143pt x 973.92429pt>
File: Pictures/opt7.jpg Graphic file (type jpg)
<use Pictures/opt7.jpg>
Package pdftex.def Info: Pictures/opt7.jpg  used on input line 973.
(pdftex.def)             Requested size: 304.0371pt x 146.08234pt.
<Pictures/opt8.jpg, id=844, 1796.42572pt x 746.79pt>
File: Pictures/opt8.jpg Graphic file (type jpg)
<use Pictures/opt8.jpg>
Package pdftex.def Info: Pictures/opt8.jpg  used on input line 978.
(pdftex.def)             Requested size: 269.45222pt x 112.01366pt.
 [48 <./Pictures/opt5.jpg> <./Pictures/opt6.jpg> <./Pictures/opt7.jpg>]
LaTeX Font Info:    External font `lmex10' loaded for size
(Font)              <10> on input line 981.
LaTeX Font Info:    External font `lmex10' loaded for size
(Font)              <7> on input line 981.

Underfull \hbox (badness 10000) in paragraph at lines 986--986
[][][][]$\T1/lmtt/m/n/9 https : / / pro . arcgis . com / de / pro-[]app / tool-
[]reference / spatial-[]statistics /
 []

[49 <./Pictures/opt8.jpg>] [50]
<Pictures/svm.jpg, id=875, 1621.05624pt x 1396.21625pt>
File: Pictures/svm.jpg Graphic file (type jpg)
<use Pictures/svm.jpg>
Package pdftex.def Info: Pictures/svm.jpg  used on input line 1034.
(pdftex.def)             Requested size: 216.09877pt x 186.11626pt.
 [51 <./Pictures/svm.jpg>]
<Pictures/svm1.jpg, id=892, 799.27179pt x 623.75893pt>
File: Pictures/svm1.jpg Graphic file (type jpg)
<use Pictures/svm1.jpg>
Package pdftex.def Info: Pictures/svm1.jpg  used on input line 1106.
(pdftex.def)             Requested size: 359.66898pt x 280.68892pt.
<Pictures/svm2.jpg, id=893, 810.45644pt x 832.82571pt>
File: Pictures/svm2.jpg Graphic file (type jpg)
<use Pictures/svm2.jpg>
Package pdftex.def Info: Pictures/svm2.jpg  used on input line 1107.
(pdftex.def)             Requested size: 364.70203pt x 374.76811pt.
<Pictures/svm3.jpg, id=894, 868.96071pt x 480.93964pt>
File: Pictures/svm3.jpg Graphic file (type jpg)
<use Pictures/svm3.jpg>
Package pdftex.def Info: Pictures/svm3.jpg  used on input line 1111.
(pdftex.def)             Requested size: 391.0287pt x 216.42082pt.
 [52]
Overfull \vbox (32.20357pt too high) has occurred while \output is active []


[53 <./Pictures/svm1.jpg> <./Pictures/svm2.jpg>] [54 <./Pictures/svm3.jpg>]
Package hyperref Info: bookmark level for unknown algorithm defaults to 0 on in
put line 1149.
<Pictures/fcmnachteil.jpg, id=919, 731.1315pt x 410.7345pt>
File: Pictures/fcmnachteil.jpg Graphic file (type jpg)
<use Pictures/fcmnachteil.jpg>
Package pdftex.def Info: Pictures/fcmnachteil.jpg  used on input line 1170.
(pdftex.def)             Requested size: 255.89986pt x 143.75922pt.

[55] [56 <./Pictures/fcmnachteil.jpg>]
<Pictures/abstossung.jpg, id=934, 1410.4695pt x 396.2805pt>
File: Pictures/abstossung.jpg Graphic file (type jpg)
<use Pictures/abstossung.jpg>
Package pdftex.def Info: Pictures/abstossung.jpg  used on input line 1195.
(pdftex.def)             Requested size: 423.14412pt x 118.88506pt.
 [57 <./Pictures/abstossung.jpg>]
[58]

LaTeX Warning: Command \" invalid in math mode on input line 1278.


LaTeX Warning: Command \" invalid in math mode on input line 1279.

[59]
<Pictures/umkreis.jpg, id=958, 653.87143pt x 315.75107pt>
File: Pictures/umkreis.jpg Graphic file (type jpg)
<use Pictures/umkreis.jpg>
Package pdftex.def Info: Pictures/umkreis.jpg  used on input line 1298.
(pdftex.def)             Requested size: 261.54393pt x 126.29817pt.
<Pictures/delaunayinfo.jpg, id=959, 1180.41pt x 770.88pt>
File: Pictures/delaunayinfo.jpg Graphic file (type jpg)
<use Pictures/delaunayinfo.jpg>
Package pdftex.def Info: Pictures/delaunayinfo.jpg  used on input line 1309.
(pdftex.def)             Requested size: 354.12573pt x 231.26578pt.
 [60

 <./Pictures/umkreis.jpg>] [61 <./Pictures/delaunayinfo.jpg>] [62]
<Pictures/polygone.jpg, id=982, 582.46179pt x 425.87679pt>
File: Pictures/polygone.jpg Graphic file (type jpg)
<use Pictures/polygone.jpg>
Package pdftex.def Info: Pictures/polygone.jpg  used on input line 1393.
(pdftex.def)             Requested size: 216.09877pt x 158.00082pt.


Package caption Warning: The option `hypcap=true' will be ignored for this
(caption)                particular \caption on input line 1394.
See the caption package documentation for explanation.

<Pictures/nscabdtaccuracy.jpg, id=983, 1264.725pt x 203.04428pt>
File: Pictures/nscabdtaccuracy.jpg Graphic file (type jpg)
<use Pictures/nscabdtaccuracy.jpg>
Package pdftex.def Info: Pictures/nscabdtaccuracy.jpg  used on input line 1402.

(pdftex.def)             Requested size: 442.66039pt x 71.06656pt.

Overfull \hbox (10.46283pt too wide) in paragraph at lines 1402--1403
 [][] 
 []

[63 <./Pictures/polygone.jpg> <./Pictures/nscabdtaccuracy.jpg>]
Underfull \hbox (badness 10000) in paragraph at lines 1414--1415

 []


Underfull \hbox (badness 10000) in paragraph at lines 1416--1417

 []

[64

] [65]
<Pictures/nsfcomp.jpg, id=1009, 966.18108pt x 431.89929pt>
File: Pictures/nsfcomp.jpg Graphic file (type jpg)
<use Pictures/nsfcomp.jpg>
Package pdftex.def Info: Pictures/nsfcomp.jpg  used on input line 1506.
(pdftex.def)             Requested size: 318.84073pt x 142.52719pt.
 [66 <./Pictures/nsfcomp.jpg>]
<Pictures/nsfcdtres.jpg, id=1017, 1025.11554pt x 329.94696pt>
File: Pictures/nsfcdtres.jpg Graphic file (type jpg)
<use Pictures/nsfcdtres.jpg>
Package pdftex.def Info: Pictures/nsfcdtres.jpg  used on input line 1514.
(pdftex.def)             Requested size: 410.03896pt x 131.97644pt.
 [67 <./Pictures/nsfcdtres.jpg>]
[68

] [69] [70] [71] [72]
<Pictures/vatalg.jpg, id=1061, 739.04678pt x 696.88928pt>
File: Pictures/vatalg.jpg Graphic file (type jpg)
<use Pictures/vatalg.jpg>
Package pdftex.def Info: Pictures/vatalg.jpg  used on input line 1664.
(pdftex.def)             Requested size: 259.32117pt x 244.53165pt.


Package caption Warning: The option `hypcap=true' will be ignored for this
(caption)                particular \caption on input line 1665.
See the caption package documentation for explanation.

[73 <./Pictures/vatalg.jpg>] [74]
<Pictures/tnorms.jpg, id=1078, 1238.4841pt x 579.8807pt>
File: Pictures/tnorms.jpg Graphic file (type jpg)
<use Pictures/tnorms.jpg>
Package pdftex.def Info: Pictures/tnorms.jpg  used on input line 1728.
(pdftex.def)             Requested size: 371.5481pt x 173.96555pt.

Underfull \vbox (badness 10000) has occurred while \output is active []

 [75]
[76 <./Pictures/tnorms.jpg>] [77] [78] [79]
<Pictures/him08ergebnisse.jpg, id=1119, 1015.65161pt x 1213.10358pt>
File: Pictures/him08ergebnisse.jpg Graphic file (type jpg)
<use Pictures/him08ergebnisse.jpg>
Package pdftex.def Info: Pictures/him08ergebnisse.jpg  used on input line 1853.

(pdftex.def)             Requested size: 432.19756pt x 516.21931pt.

Underfull \vbox (badness 10000) has occurred while \output is active []

 [80]
[81 <./Pictures/him08ergebnisse.jpg>] [82] [83] [84] [85] [86

]
Kapitel 5.
File: Pictures/head8.jpg Graphic file (type jpg)
<use Pictures/head8.jpg>
Package pdftex.def Info: Pictures/head8.jpg  used on input line 1963.
(pdftex.def)             Requested size: 614.295pt x 319.29547pt.


pdfTeX warning: pdflatex (file ./jupyter.pdf): PDF inclusion: found PDF version
 <1.7>, but at most version <1.5> allowed
<jupyter.pdf, id=1169, 559.08875pt x 607.26875pt>
File: jupyter.pdf Graphic file (type pdf)
<use jupyter.pdf>
Package pdftex.def Info: jupyter.pdf  used on input line 1970.
(pdftex.def)             Requested size: 559.08737pt x 607.26727pt.


pdfTeX warning: pdflatex (file ./jupyter.pdf): PDF inclusion: found PDF version
 <1.7>, but at most version <1.5> allowed
File: jupyter.pdf Graphic file (type pdf)
<use jupyter.pdf>
Package pdftex.def Info: jupyter.pdf  used on input line 1970.
(pdftex.def)             Requested size: 559.08737pt x 607.26727pt.


pdfTeX warning: pdflatex (file ./jupyter.pdf): PDF inclusion: found PDF version
 <1.7>, but at most version <1.5> allowed


pdfTeX warning: pdflatex (file ./jupyter.pdf): PDF inclusion: found PDF version
 <1.7>, but at most version <1.5> allowed
<jupyter.pdf, id=1172, page=1, 559.08875pt x 607.26875pt>
File: jupyter.pdf Graphic file (type pdf)
<use jupyter.pdf, page 1>
Package pdftex.def Info: jupyter.pdf , page1 used on input line 1970.
(pdftex.def)             Requested size: 559.08737pt x 607.26727pt.
File: jupyter.pdf Graphic file (type pdf)
<use jupyter.pdf, page 1>
Package pdftex.def Info: jupyter.pdf , page1 used on input line 1970.
(pdftex.def)             Requested size: 503.17522pt x 546.53683pt.
[87]
File: jupyter.pdf Graphic file (type pdf)
<use jupyter.pdf, page 1>
Package pdftex.def Info: jupyter.pdf , page1 used on input line 1970.
(pdftex.def)             Requested size: 503.17522pt x 546.53683pt.
File: jupyter.pdf Graphic file (type pdf)
<use jupyter.pdf, page 1>
Package pdftex.def Info: jupyter.pdf , page1 used on input line 1970.
(pdftex.def)             Requested size: 503.17522pt x 546.53683pt.
File: jupyter.pdf Graphic file (type pdf)
<use jupyter.pdf, page 1>
Package pdftex.def Info: jupyter.pdf , page1 used on input line 1970.
(pdftex.def)             Requested size: 503.17522pt x 546.53683pt.
 [88 <./jupyter.pdf>]

pdfTeX warning: pdflatex (file ./jupyter.pdf): PDF inclusion: found PDF version
 <1.7>, but at most version <1.5> allowed
<jupyter.pdf, id=1190, page=2, 559.08875pt x 436.63126pt>
File: jupyter.pdf Graphic file (type pdf)
<use jupyter.pdf, page 2>
Package pdftex.def Info: jupyter.pdf , page2 used on input line 1970.
(pdftex.def)             Requested size: 503.17522pt x 392.9645pt.
File: jupyter.pdf Graphic file (type pdf)
<use jupyter.pdf, page 2>
Package pdftex.def Info: jupyter.pdf , page2 used on input line 1970.
(pdftex.def)             Requested size: 503.17522pt x 392.9645pt.
File: jupyter.pdf Graphic file (type pdf)
<use jupyter.pdf, page 2>
Package pdftex.def Info: jupyter.pdf , page2 used on input line 1970.
(pdftex.def)             Requested size: 503.17522pt x 392.9645pt.
[89 <./jupyter.pdf>]

pdfTeX warning: pdflatex (file ./jupyter.pdf): PDF inclusion: found PDF version
 <1.7>, but at most version <1.5> allowed
<jupyter.pdf, id=1203, page=3, 553.06625pt x 425.59pt>
File: jupyter.pdf Graphic file (type pdf)
<use jupyter.pdf, page 3>
Package pdftex.def Info: jupyter.pdf , page3 used on input line 1970.
(pdftex.def)             Requested size: 497.75502pt x 383.02745pt.
File: jupyter.pdf Graphic file (type pdf)
<use jupyter.pdf, page 3>
Package pdftex.def Info: jupyter.pdf , page3 used on input line 1970.
(pdftex.def)             Requested size: 497.75502pt x 383.02745pt.
File: jupyter.pdf Graphic file (type pdf)
<use jupyter.pdf, page 3>
Package pdftex.def Info: jupyter.pdf , page3 used on input line 1970.
(pdftex.def)             Requested size: 497.75502pt x 383.02745pt.
[90 <./jupyter.pdf>]

pdfTeX warning: pdflatex (file ./jupyter.pdf): PDF inclusion: found PDF version
 <1.7>, but at most version <1.5> allowed
<jupyter.pdf, id=1213, page=4, 559.08875pt x 624.3325pt>
File: jupyter.pdf Graphic file (type pdf)
<use jupyter.pdf, page 4>
Package pdftex.def Info: jupyter.pdf , page4 used on input line 1970.
(pdftex.def)             Requested size: 503.17522pt x 561.89406pt.
File: jupyter.pdf Graphic file (type pdf)
<use jupyter.pdf, page 4>
Package pdftex.def Info: jupyter.pdf , page4 used on input line 1970.
(pdftex.def)             Requested size: 503.17522pt x 561.89406pt.
File: jupyter.pdf Graphic file (type pdf)
<use jupyter.pdf, page 4>
Package pdftex.def Info: jupyter.pdf , page4 used on input line 1970.
(pdftex.def)             Requested size: 503.17522pt x 561.89406pt.
[91 <./jupyter.pdf>]

pdfTeX warning: pdflatex (file ./jupyter.pdf): PDF inclusion: found PDF version
 <1.7>, but at most version <1.5> allowed
<jupyter.pdf, id=1224, page=5, 559.08875pt x 710.655pt>
File: jupyter.pdf Graphic file (type pdf)
<use jupyter.pdf, page 5>
Package pdftex.def Info: jupyter.pdf , page5 used on input line 1970.
(pdftex.def)             Requested size: 503.17522pt x 639.58359pt.
File: jupyter.pdf Graphic file (type pdf)
<use jupyter.pdf, page 5>
Package pdftex.def Info: jupyter.pdf , page5 used on input line 1970.
(pdftex.def)             Requested size: 503.17522pt x 639.58359pt.
File: jupyter.pdf Graphic file (type pdf)
<use jupyter.pdf, page 5>
Package pdftex.def Info: jupyter.pdf , page5 used on input line 1970.
(pdftex.def)             Requested size: 503.17522pt x 639.58359pt.
[92 <./jupyter.pdf>]

pdfTeX warning: pdflatex (file ./jupyter.pdf): PDF inclusion: found PDF version
 <1.7>, but at most version <1.5> allowed
<jupyter.pdf, id=1237, page=6, 559.08875pt x 766.865pt>
File: jupyter.pdf Graphic file (type pdf)
<use jupyter.pdf, page 6>
Package pdftex.def Info: jupyter.pdf , page6 used on input line 1970.
(pdftex.def)             Requested size: 503.17522pt x 690.17213pt.
File: jupyter.pdf Graphic file (type pdf)
<use jupyter.pdf, page 6>
Package pdftex.def Info: jupyter.pdf , page6 used on input line 1970.
(pdftex.def)             Requested size: 503.17522pt x 690.17213pt.
File: jupyter.pdf Graphic file (type pdf)
<use jupyter.pdf, page 6>
Package pdftex.def Info: jupyter.pdf , page6 used on input line 1970.
(pdftex.def)             Requested size: 503.17522pt x 690.17213pt.
[93 <./jupyter.pdf>]

pdfTeX warning: pdflatex (file ./jupyter.pdf): PDF inclusion: found PDF version
 <1.7>, but at most version <1.5> allowed
<jupyter.pdf, id=1247, page=7, 559.08875pt x 768.8725pt>
File: jupyter.pdf Graphic file (type pdf)
<use jupyter.pdf, page 7>
Package pdftex.def Info: jupyter.pdf , page7 used on input line 1970.
(pdftex.def)             Requested size: 503.17522pt x 691.97885pt.
File: jupyter.pdf Graphic file (type pdf)
<use jupyter.pdf, page 7>
Package pdftex.def Info: jupyter.pdf , page7 used on input line 1970.
(pdftex.def)             Requested size: 503.17522pt x 691.97885pt.
File: jupyter.pdf Graphic file (type pdf)
<use jupyter.pdf, page 7>
Package pdftex.def Info: jupyter.pdf , page7 used on input line 1970.
(pdftex.def)             Requested size: 503.17522pt x 691.97885pt.
[94 <./jupyter.pdf>]

pdfTeX warning: pdflatex (file ./jupyter.pdf): PDF inclusion: found PDF version
 <1.7>, but at most version <1.5> allowed
<jupyter.pdf, id=1257, page=8, 559.08875pt x 746.79pt>
File: jupyter.pdf Graphic file (type pdf)
<use jupyter.pdf, page 8>
Package pdftex.def Info: jupyter.pdf , page8 used on input line 1970.
(pdftex.def)             Requested size: 503.17522pt x 672.10478pt.
File: jupyter.pdf Graphic file (type pdf)
<use jupyter.pdf, page 8>
Package pdftex.def Info: jupyter.pdf , page8 used on input line 1970.
(pdftex.def)             Requested size: 503.17522pt x 672.10478pt.
File: jupyter.pdf Graphic file (type pdf)
<use jupyter.pdf, page 8>
Package pdftex.def Info: jupyter.pdf , page8 used on input line 1970.
(pdftex.def)             Requested size: 503.17522pt x 672.10478pt.
[95 <./jupyter.pdf>]

pdfTeX warning: pdflatex (file ./jupyter.pdf): PDF inclusion: found PDF version
 <1.7>, but at most version <1.5> allowed
<jupyter.pdf, id=1267, page=9, 559.08875pt x 818.05624pt>
File: jupyter.pdf Graphic file (type pdf)
<use jupyter.pdf, page 9>
Package pdftex.def Info: jupyter.pdf , page9 used on input line 1970.
(pdftex.def)             Requested size: 503.17522pt x 736.24382pt.
File: jupyter.pdf Graphic file (type pdf)
<use jupyter.pdf, page 9>
Package pdftex.def Info: jupyter.pdf , page9 used on input line 1970.
(pdftex.def)             Requested size: 503.17522pt x 736.24382pt.
File: jupyter.pdf Graphic file (type pdf)
<use jupyter.pdf, page 9>
Package pdftex.def Info: jupyter.pdf , page9 used on input line 1970.
(pdftex.def)             Requested size: 503.17522pt x 736.24382pt.
[96 <./jupyter.pdf>]

pdfTeX warning: pdflatex (file ./jupyter.pdf): PDF inclusion: found PDF version
 <1.7>, but at most version <1.5> allowed
<jupyter.pdf, id=1279, page=10, 559.08875pt x 676.5275pt>
File: jupyter.pdf Graphic file (type pdf)
<use jupyter.pdf, page 10>
Package pdftex.def Info: jupyter.pdf , page10 used on input line 1970.
(pdftex.def)             Requested size: 503.17522pt x 608.86911pt.
File: jupyter.pdf Graphic file (type pdf)
<use jupyter.pdf, page 10>
Package pdftex.def Info: jupyter.pdf , page10 used on input line 1970.
(pdftex.def)             Requested size: 503.17522pt x 608.86911pt.
File: jupyter.pdf Graphic file (type pdf)
<use jupyter.pdf, page 10>
Package pdftex.def Info: jupyter.pdf , page10 used on input line 1970.
(pdftex.def)             Requested size: 503.17522pt x 608.86911pt.
[97 <./jupyter.pdf>]

pdfTeX warning: pdflatex (file ./jupyter.pdf): PDF inclusion: found PDF version
 <1.7>, but at most version <1.5> allowed
<jupyter.pdf, id=1293, page=11, 559.08875pt x 691.58376pt>
File: jupyter.pdf Graphic file (type pdf)
<use jupyter.pdf, page 11>
Package pdftex.def Info: jupyter.pdf , page11 used on input line 1970.
(pdftex.def)             Requested size: 503.17522pt x 622.41963pt.
File: jupyter.pdf Graphic file (type pdf)
<use jupyter.pdf, page 11>
Package pdftex.def Info: jupyter.pdf , page11 used on input line 1970.
(pdftex.def)             Requested size: 503.17522pt x 622.41963pt.
File: jupyter.pdf Graphic file (type pdf)
<use jupyter.pdf, page 11>
Package pdftex.def Info: jupyter.pdf , page11 used on input line 1970.
(pdftex.def)             Requested size: 503.17522pt x 622.41963pt.
[98 <./jupyter.pdf>]

pdfTeX warning: pdflatex (file ./jupyter.pdf): PDF inclusion: found PDF version
 <1.7>, but at most version <1.5> allowed
<jupyter.pdf, id=1303, page=12, 559.08875pt x 810.02625pt>
File: jupyter.pdf Graphic file (type pdf)
<use jupyter.pdf, page 12>
Package pdftex.def Info: jupyter.pdf , page12 used on input line 1970.
(pdftex.def)             Requested size: 503.17522pt x 729.01688pt.
File: jupyter.pdf Graphic file (type pdf)
<use jupyter.pdf, page 12>
Package pdftex.def Info: jupyter.pdf , page12 used on input line 1970.
(pdftex.def)             Requested size: 503.17522pt x 729.01688pt.
File: jupyter.pdf Graphic file (type pdf)
<use jupyter.pdf, page 12>
Package pdftex.def Info: jupyter.pdf , page12 used on input line 1970.
(pdftex.def)             Requested size: 503.17522pt x 729.01688pt.
[99 <./jupyter.pdf>]

pdfTeX warning: pdflatex (file ./jupyter.pdf): PDF inclusion: found PDF version
 <1.7>, but at most version <1.5> allowed
<jupyter.pdf, id=1313, page=13, 553.06625pt x 78.2925pt>
File: jupyter.pdf Graphic file (type pdf)
<use jupyter.pdf, page 13>
Package pdftex.def Info: jupyter.pdf , page13 used on input line 1970.
(pdftex.def)             Requested size: 497.75502pt x 70.46259pt.
File: jupyter.pdf Graphic file (type pdf)
<use jupyter.pdf, page 13>
Package pdftex.def Info: jupyter.pdf , page13 used on input line 1970.
(pdftex.def)             Requested size: 497.75502pt x 70.46259pt.
File: jupyter.pdf Graphic file (type pdf)
<use jupyter.pdf, page 13>
Package pdftex.def Info: jupyter.pdf , page13 used on input line 1970.
(pdftex.def)             Requested size: 497.75502pt x 70.46259pt.
[100 <./jupyter.pdf>]
Kapitel 6.
File: Pictures/head8.jpg Graphic file (type jpg)
<use Pictures/head8.jpg>
Package pdftex.def Info: Pictures/head8.jpg  used on input line 1973.
(pdftex.def)             Requested size: 614.295pt x 319.29547pt.
[101

] [102

]
File: Pictures/head8.jpg Graphic file (type jpg)
<use Pictures/head8.jpg>
Package pdftex.def Info: Pictures/head8.jpg  used on input line 1977.
(pdftex.def)             Requested size: 614.295pt x 319.29547pt.
 [103] [104] [105]
\tf@ptc=\write7
\openout7 = `main.ptc'.

 [106]
Package atveryend Info: Empty hook `BeforeClearDocument' on input line 1979.
Package atveryend Info: Empty hook `AfterLastShipout' on input line 1979.
 (main.aux)
Package atveryend Info: Executing hook `AtVeryEndDocument' on input line 1979.
Package atveryend Info: Executing hook `AtEndAfterFileList' on input line 1979.

Package rerunfilecheck Info: File `main.out' has not changed.
(rerunfilecheck)             Checksum: B13BE241D3941B646D728B92290F3B13;5665.


LaTeX Warning: There were multiply-defined labels.

Package logreq Info: Writing requests to 'main.run.xml'.
\openout1 = `main.run.xml'.

 ) 
Here is how much of TeX's memory you used:
 42371 strings out of 492969
 778576 string characters out of 3135846
 1335041 words of memory out of 3000000
 45036 multiletter control sequences out of 15000+200000
 638380 words of font info for 157 fonts, out of 3000000 for 9000
 1143 hyphenation exceptions out of 8191
 57i,19n,92p,1607b,2845s stack positions out of 5000i,500n,10000p,200000b,50000s
{C:/Program Files/MiKTeX 2.9/fonts/enc/dvips/lm/lm-ec.enc}{C:/Program Files/M
iKTeX 2.9/fonts/enc/dvips/lm/lm-mathsy.enc}{C:/Program Files/MiKTeX 2.9/fonts/e
nc/dvips/lm/lm-rm.enc}{C:/Program Files/MiKTeX 2.9/fonts/enc/dvips/lm/lm-mathit
.enc}{C:/Program Files/MiKTeX 2.9/fonts/enc/dvips/lm/lm-mathex.enc}<C:/Program 
Files/MiKTeX 2.9/fonts/type1/public/lm/lmbx10.pfb><C:/Program Files/MiKTeX 2.9/
fonts/type1/public/lm/lmcsc10.pfb><C:/Program Files/MiKTeX 2.9/fonts/type1/publ
ic/lm/lmex10.pfb><C:/Program Files/MiKTeX 2.9/fonts/type1/public/lm/lmmi10.pfb>
<C:/Program Files/MiKTeX 2.9/fonts/type1/public/lm/lmmi6.pfb><C:/Program Files/
MiKTeX 2.9/fonts/type1/public/lm/lmmi8.pfb><C:/Program Files/MiKTeX 2.9/fonts/t
ype1/public/lm/lmr10.pfb><C:/Program Files/MiKTeX 2.9/fonts/type1/public/lm/lmr
6.pfb><C:/Program Files/MiKTeX 2.9/fonts/type1/public/lm/lmr8.pfb><C:/Program F
iles/MiKTeX 2.9/fonts/type1/public/lm/lmr9.pfb><C:/Program Files/MiKTeX 2.9/fon
ts/type1/public/lm/lmri10.pfb><C:/Program Files/MiKTeX 2.9/fonts/type1/public/l
m/lmss10.pfb><C:/Program Files/MiKTeX 2.9/fonts/type1/public/lm/lmss17.pfb><C:/
Program Files/MiKTeX 2.9/fonts/type1/public/lm/lmssbx10.pfb><C:/Program Files/M
iKTeX 2.9/fonts/type1/public/lm/lmsy10.pfb><C:/Program Files/MiKTeX 2.9/fonts/t
ype1/public/lm/lmsy6.pfb><C:/Program Files/MiKTeX 2.9/fonts/type1/public/lm/lms
y8.pfb><C:/Program Files/MiKTeX 2.9/fonts/type1/public/lm/lmtt10.pfb><C:/Progra
m Files/MiKTeX 2.9/fonts/type1/public/lm/lmtt9.pfb><C:/Program Files/MiKTeX 2.9
/fonts/type1/public/amsfonts/symbols/msam10.pfb><C:/Program Files/MiKTeX 2.9/fo
nts/type1/public/amsfonts/symbols/msam7.pfb><C:/Program Files/MiKTeX 2.9/fonts/
type1/public/amsfonts/symbols/msbm10.pfb>
Output written on main.pdf (106 pages, 20661095 bytes).
PDF statistics:
 1558 PDF objects out of 1728 (max. 8388607)
 391 named destinations out of 1000 (max. 500000)
 36243 words of extra memory for PDF output out of 42996 (max. 10000000)

