\BOOKMARK [0][-]{chapter.1}{Motivation}{}% 1
\BOOKMARK [0][-]{chapter.2}{Geodaten und Geoinformation}{}% 2
\BOOKMARK [1][-]{section.2.1}{Definition und Gestalt von Geodaten}{chapter.2}% 3
\BOOKMARK [1][-]{section.2.2}{Geografische Koordinaten}{chapter.2}% 4
\BOOKMARK [1][-]{section.2.3}{Qualit\344tsmerkmale}{chapter.2}% 5
\BOOKMARK [1][-]{section.2.4}{Georeferenzierung}{chapter.2}% 6
\BOOKMARK [2][-]{subsection.2.4.1}{Definition}{section.2.4}% 7
\BOOKMARK [2][-]{subsection.2.4.2}{Adresskodierung}{section.2.4}% 8
\BOOKMARK [2][-]{subsection.2.4.3}{Geotagging}{section.2.4}% 9
\BOOKMARK [2][-]{subsection.2.4.4}{Kartenkalibrierung}{section.2.4}% 10
\BOOKMARK [2][-]{subsection.2.4.5}{Rektifizierung}{section.2.4}% 11
\BOOKMARK [2][-]{subsection.2.4.6}{Bestimmung einer Transformationsvorschrift}{section.2.4}% 12
\BOOKMARK [1][-]{section.2.5}{Geoinformationssysteme}{chapter.2}% 13
\BOOKMARK [2][-]{subsection.2.5.1}{Geoobjekte}{section.2.5}% 14
\BOOKMARK [2][-]{subsection.2.5.2}{Modellierung von Geoobjekten}{section.2.5}% 15
\BOOKMARK [2][-]{subsection.2.5.3}{Rastermodell}{section.2.5}% 16
\BOOKMARK [2][-]{subsection.2.5.4}{Vektormodell}{section.2.5}% 17
\BOOKMARK [1][-]{section.2.6}{Beispiele von Raster und Vektordaten}{chapter.2}% 18
\BOOKMARK [1][-]{section.2.7}{Algorithmen in der Geoinformatik}{chapter.2}% 19
\BOOKMARK [1][-]{section.2.8}{Verschiedene Arten und ihre Anwendungszwecke}{chapter.2}% 20
\BOOKMARK [0][-]{chapter.3}{Geoanalyse}{}% 21
\BOOKMARK [0][-]{chapter.4}{Deep Learning in Geowissenschaften}{}% 22
\BOOKMARK [1][-]{section.4.1}{Was ist Machine Learning?}{chapter.4}% 23
\BOOKMARK [1][-]{section.4.2}{Motivation und Anwendungsgebiete}{chapter.4}% 24
\BOOKMARK [1][-]{section.4.3}{Forschung}{chapter.4}% 25
\BOOKMARK [2][-]{subsection.4.3.1}{Beispiele}{section.4.3}% 26
\BOOKMARK [1][-]{section.4.4}{Tensorflow}{chapter.4}% 27
\BOOKMARK [1][-]{section.4.5}{Erstes eigenes CNN}{chapter.4}% 28
\BOOKMARK [0][-]{chapter.5}{Clusteringverfahren}{}% 29
\BOOKMARK [1][-]{section.5.1}{Probabilistisches und Possibilistisches Clustering}{chapter.5}% 30
\BOOKMARK [2][-]{subsection.5.1.1}{FCM und PFCM}{section.5.1}% 31
\BOOKMARK [2][-]{subsection.5.1.2}{Vorraussetzungen f\374r die Anwendung auf Geodaten}{section.5.1}% 32
\BOOKMARK [2][-]{subsection.5.1.3}{Eigener Algoritmus \(noch ohne Name\)}{section.5.1}% 33
\BOOKMARK [1][-]{section.5.2}{CVI}{chapter.5}% 34
\BOOKMARK [2][-]{subsection.5.2.1}{NPC}{section.5.2}% 35
\BOOKMARK [2][-]{subsection.5.2.2}{FHV}{section.5.2}% 36
\BOOKMARK [2][-]{subsection.5.2.3}{Otsu-Binarisierung}{section.5.2}% 37
\BOOKMARK [2][-]{subsection.5.2.4}{VAT-Algorithmus}{section.5.2}% 38
\BOOKMARK [1][-]{section.5.3}{Clustering auf unvollst\344ndigen Daten}{chapter.5}% 39
\BOOKMARK [0][-]{chapter.6}{Forschungsbedarf}{}% 40
\BOOKMARK [1][-]{section.6.1}{Ausblick - Mein Thema f\374r die Masterarbeit}{chapter.6}% 41
